\BOOKMARK [1][-]{page.0}{\376\377\000C\000a\000p\000a}{}% 1
\BOOKMARK [1][-]{page.I}{\376\377\000F\000o\000l\000h\000a\000\040\000d\000e\000\040\000r\000o\000s\000t\000o}{}% 2
\BOOKMARK [1][-]{page.II}{\376\377\000L\000i\000s\000t\000a\000s\000\040\000d\000e\000\040\000r\000e\000c\000u\000r\000s\000o\000s}{}% 3
\BOOKMARK [\bookmarklevel@ut@frontchapter ][-]{pre:ilustracao}{\376\377\000L\000i\000s\000t\000a\000\040\000d\000e\000\040\000i\000l\000u\000s\000t\000r\000a\000\347\000\365\000e\000s}{page.II}% 4
\BOOKMARK [\bookmarklevel@ut@frontchapter ][-]{pre:tabela}{\376\377\000L\000i\000s\000t\000a\000\040\000d\000e\000\040\000t\000a\000b\000e\000l\000a\000s}{page.II}% 5
\BOOKMARK [\bookmarklevel@ut@frontchapter ][-]{pre:abreviatura}{\376\377\000L\000i\000s\000t\000a\000\040\000d\000e\000\040\000a\000b\000r\000e\000v\000i\000a\000t\000u\000r\000a\000s}{page.II}% 6
\BOOKMARK [\bookmarklevel@ut@frontchapter ][-]{pre:sumario}{\376\377\000S\000u\000m\000\341\000r\000i\000o}{}% 7
\BOOKMARK [\toclevel@ut@capitulo ][-]{ut@capitulo.1}{\376\377\000I\000n\000t\000r\000o\000d\000u\000\347\000\343\000o}{}% 8
\BOOKMARK [\toclevel@ut@secao ][-]{ut@secao.1.1}{\376\377\000D\000e\000l\000i\000m\000i\000t\000a\000\347\000\343\000o\000\040\000d\000o\000\040\000t\000e\000m\000a\000\040\000d\000e\000\040\000p\000e\000s\000q\000u\000i\000s\000a}{ut@capitulo.1}% 9
\BOOKMARK [\toclevel@ut@secao ][-]{ut@secao.1.2}{\376\377\000P\000r\000o\000b\000l\000e\000m\000a\000\040\000d\000e\000\040\000p\000e\000s\000q\000u\000i\000s\000a\000\040\000e\000\040\000j\000u\000s\000t\000i\000f\000i\000c\000a\000t\000i\000v\000a}{ut@capitulo.1}% 10
\BOOKMARK [\toclevel@ut@secao ][-]{ut@secao.1.3}{\376\377\000O\000b\000j\000e\000t\000i\000v\000o\000s}{ut@capitulo.1}% 11
\BOOKMARK [\toclevel@ut@subsecao ][-]{ut@subsecao.1.3.1}{\376\377\000O\000b\000j\000e\000t\000i\000v\000o\000\040\000g\000e\000r\000a\000l}{ut@secao.1.3}% 12
\BOOKMARK [\toclevel@ut@subsecao ][-]{ut@subsecao.1.3.2}{\376\377\000O\000b\000j\000e\000t\000i\000v\000o\000s\000\040\000e\000s\000p\000e\000c\000\355\000f\000i\000c\000o\000s}{ut@secao.1.3}% 13
\BOOKMARK [\toclevel@ut@capitulo ][-]{ut@capitulo.2}{\376\377\000R\000e\000v\000i\000s\000\343\000o\000\040\000d\000a\000\040\000l\000i\000t\000e\000r\000a\000t\000u\000r\000a}{}% 14
\BOOKMARK [\toclevel@ut@secao ][-]{ut@secao.2.1}{\376\377\000I\000n\000t\000e\000l\000i\000g\000\352\000n\000c\000i\000a\000\040\000a\000r\000t\000i\000f\000i\000c\000i\000a\000l}{ut@capitulo.2}% 15
\BOOKMARK [\toclevel@ut@secao ][-]{ut@secao.2.2}{\376\377\000X\000\040\000\050\000T\000w\000i\000t\000t\000e\000r\000\051}{ut@capitulo.2}% 16
\BOOKMARK [\toclevel@ut@secao ][-]{ut@secao.2.3}{\376\377\000M\000o\000d\000e\000l\000a\000g\000e\000m\000\040\000d\000e\000\040\000t\000\363\000p\000i\000c\000o\000s}{ut@capitulo.2}% 17
\BOOKMARK [\toclevel@ut@subsecao ][-]{ut@subsecao.2.3.1}{\376\377\000D\000o\000c\000u\000m\000e\000n\000t\000o\000s}{ut@secao.2.3}% 18
\BOOKMARK [\toclevel@ut@subsecao ][-]{ut@subsecao.2.3.2}{\376\377\000T\000\363\000p\000i\000c\000o\000s}{ut@secao.2.3}% 19
\BOOKMARK [\toclevel@ut@subsecao ][-]{ut@subsecao.2.3.3}{\376\377\000B\000T\000M}{ut@secao.2.3}% 20
\BOOKMARK [\toclevel@ut@secao ][-]{ut@secao.2.4}{\376\377\000A\000P\000I\000F\000Y}{ut@capitulo.2}% 21
\BOOKMARK [\toclevel@ut@secao ][-]{ut@secao.2.5}{\376\377\000T\000R\000A\000B\000A\000L\000H\000O\000S\000\040\000R\000E\000L\000A\000C\000I\000O\000N\000A\000D\000O\000S}{ut@capitulo.2}% 22
\BOOKMARK [\toclevel@ut@capitulo ][-]{ut@capitulo.3}{\376\377\000P\000r\000o\000c\000e\000d\000i\000m\000e\000n\000t\000o\000s\000\040\000m\000e\000t\000o\000d\000o\000l\000\363\000g\000i\000c\000o\000s\000\040\000e\000\040\000t\000\351\000c\000n\000i\000c\000o\000s}{}% 23
\BOOKMARK [\toclevel@ut@secao ][-]{ut@secao.3.1}{\376\377\000C\000a\000r\000a\000c\000t\000e\000r\000i\000z\000a\000\347\000\343\000o\000\040\000d\000a\000\040\000m\000e\000t\000o\000d\000o\000l\000o\000g\000i\000a\000\040\000d\000e\000\040\000p\000e\000s\000q\000u\000i\000s\000a}{ut@capitulo.3}% 24
\BOOKMARK [\toclevel@ut@secao ][-]{ut@secao.3.2}{\376\377\000D\000e\000l\000i\000m\000i\000t\000a\000\347\000\343\000o\000\040\000d\000o\000\040\000e\000s\000t\000u\000d\000o}{ut@capitulo.3}% 25
\BOOKMARK [\toclevel@ut@subsecao ][-]{ut@subsecao.3.2.1}{\376\377\000P\000o\000p\000u\000l\000a\000\347\000\343\000o\000\040\000e\000\040\000a\000m\000o\000s\000t\000r\000a}{ut@secao.3.2}% 26
\BOOKMARK [\toclevel@ut@secao ][-]{ut@secao.3.3}{\376\377\000Q\000u\000e\000s\000t\000\365\000e\000s\000\040\000d\000e\000\040\000p\000e\000s\000q\000u\000i\000s\000a}{ut@capitulo.3}% 27
\BOOKMARK [\toclevel@ut@secao ][-]{ut@secao.3.4}{\376\377\000E\000s\000b\000o\000\347\000o\000\040\000d\000o\000\040\000p\000r\000o\000j\000e\000t\000o\000\040\000n\000a\000\040\000p\000r\000\341\000t\000i\000c\000a}{ut@capitulo.3}% 28
\BOOKMARK [\toclevel@ut@secao ][-]{ut@secao.3.5}{\376\377\000A\000p\000l\000i\000c\000a\000\347\000\343\000o\000\040\000d\000a\000\040\000m\000e\000t\000o\000d\000o\000l\000o\000g\000i\000a}{ut@capitulo.3}% 29
\BOOKMARK [\toclevel@ut@subsecao ][-]{ut@subsecao.3.5.1}{\376\377\000C\000o\000n\000s\000t\000r\000u\000\347\000\343\000o\000\040\000d\000o\000\040\000r\000e\000f\000e\000r\000e\000n\000c\000i\000a\000l\000\040\000t\000e\000\363\000r\000i\000c\000o}{ut@secao.3.5}% 30
\BOOKMARK [\toclevel@ut@subsecao ][-]{ut@subsecao.3.5.2}{\376\377\000D\000e\000s\000e\000n\000v\000o\000l\000v\000i\000m\000e\000n\000t\000o\000\040\000d\000o\000\040\000s\000i\000s\000t\000e\000m\000a\000\040\000c\000o\000m\000p\000u\000t\000a\000c\000i\000o\000n\000a\000l}{ut@secao.3.5}% 31
\BOOKMARK [\toclevel@ut@subsubsecao ][-]{ut@subsubsecao.3.5.2.1}{\376\377\000E\000n\000t\000e\000n\000d\000i\000m\000e\000n\000t\000o\000\040\000d\000o\000\040\000n\000e\000g\000\363\000c\000i\000o}{ut@subsecao.3.5.2}% 32
\BOOKMARK [\toclevel@ut@subsubsecao ][-]{ut@subsubsecao.3.5.2.2}{\376\377\000E\000n\000t\000e\000n\000d\000i\000m\000e\000n\000t\000o\000\040\000d\000o\000s\000\040\000d\000a\000d\000o\000s}{ut@subsecao.3.5.2}% 33
\BOOKMARK [\toclevel@ut@subsubsecao ][-]{ut@subsubsecao.3.5.2.3}{\376\377\000P\000r\000e\000p\000a\000r\000a\000\347\000\343\000o\000\040\000d\000o\000s\000\040\000d\000a\000d\000o\000s}{ut@subsecao.3.5.2}% 34
\BOOKMARK [\toclevel@ut@subsubsecao ][-]{ut@subsubsecao.3.5.2.4}{\376\377\000M\000o\000d\000e\000l\000a\000g\000e\000m}{ut@subsecao.3.5.2}% 35
\BOOKMARK [\toclevel@ut@subsubsecao ][-]{ut@subsubsecao.3.5.2.5}{\376\377\000A\000v\000a\000l\000i\000a\000\347\000\343\000o}{ut@subsecao.3.5.2}% 36
\BOOKMARK [\toclevel@ut@subsubsecao ][-]{ut@subsubsecao.3.5.2.6}{\376\377\000I\000m\000p\000l\000e\000m\000e\000n\000t\000a\000\347\000\343\000o}{ut@subsecao.3.5.2}% 37
\BOOKMARK [\toclevel@ut@capitulo ][-]{ut@capitulo.4}{\376\377\000A\000p\000r\000e\000s\000e\000n\000t\000a\000\347\000\343\000o\000\040\000d\000a\000\040\000s\000o\000l\000u\000\347\000\343\000o}{}% 38
\BOOKMARK [\toclevel@ut@capitulo ][-]{ut@capitulo.5}{\376\377\000C\000r\000o\000n\000o\000g\000r\000a\000m\000a}{}% 39
\BOOKMARK [\toclevel@ut@capitulo ][-]{ut@capitulo.6}{\376\377\000O\000r\000\347\000a\000m\000e\000n\000t\000o}{}% 40
\BOOKMARK [\toclevel@ut@capitulo ][-]{cap:referencias}{\376\377\000R\000e\000f\000e\000r\000\352\000n\000c\000i\000a\000s}{}% 41
