This is LuaHBTeX, Version 1.18.0 (MiKTeX 24.3) (format=lualatex 2024.6.3)  18 JUN 2024 22:56
 system commands enabled.
 file:line:error style messages enabled.
**"c:/Users/adm/OneDrive/Área de Trabalho/TCC/05 - Modelo Overleaf/template-un
oesctex/main.tex"

("c:/Users/adm/OneDrive/Área de Trabalho/TCC/05 - Modelo Overleaf/template-uno
esctex/main.tex"
LaTeX2e <2024-06-01>
L3 programming layer <2024-05-08>
Lua module: luaotfload 2024-02-14 3.28 Lua based OpenType font support
Lua module: lualibs 2023-07-13 2.76 ConTeXt Lua standard libraries.
Lua module: lualibs-extended 2023-07-13 2.76 ConTeXt Lua libraries -- extended c
ollection.
luaotfload | conf : Root cache directory is "C:/Users/adm/AppData/Local/MiKTeX/l
uatex-cache/generic/names".
luaotfload | init : Loading fontloader "fontloader-2023-12-28.lua" from kpse-res
olved path "C:/Users/adm/AppData/Local/Programs/MiKTeX/tex/luatex/luaotfload/fon
tloader-2023-12-28.lua".
Lua-only attribute luaotfload@noligature = 1
luaotfload | init : Context OpenType loader version 3.134
Inserting `luaotfload.node_processor' in `pre_linebreak_filter'.
Inserting `luaotfload.node_processor' in `hpack_filter'.
Inserting `luaotfload.glyph_stream' in `glyph_stream_provider'.
Inserting `luaotfload.define_font' in `define_font'.
Lua-only attribute luaotfload_color_attribute = 2
luaotfload | conf : Root cache directory is "C:/Users/adm/AppData/Local/MiKTeX/l
uatex-cache/generic/names".
Inserting `luaotfload.harf.strip_prefix' in `find_opentype_file'.
Inserting `luaotfload.harf.strip_prefix' in `find_truetype_file'.
Removing  `luaotfload.glyph_stream' from `glyph_stream_provider'.
Inserting `luaotfload.harf.glyphstream' in `glyph_stream_provider'.
Inserting `luaotfload.harf.finalize_vlist' in `post_linebreak_filter'.
Inserting `luaotfload.harf.finalize_hlist' in `hpack_filter'.
Inserting `luaotfload.cleanup_files' in `wrapup_run'.
Inserting `luaotfload.harf.finalize_unicode' in `finish_pdffile'.
Inserting `luaotfload.glyphinfo' in `glyph_info'.
Lua-only attribute luaotfload.letterspace_done = 3
Inserting `luaotfload.aux.set_sscale_dimens' in `luaotfload.patch_font'.
Inserting `luaotfload.aux.set_font_index' in `luaotfload.patch_font'.
Inserting `luaotfload.aux.patch_cambria_domh' in `luaotfload.patch_font'.
Inserting `luaotfload.aux.fixup_fontdata' in `luaotfload.patch_font_unsafe'.
Inserting `luaotfload.aux.set_capheight' in `luaotfload.patch_font'.
Inserting `luaotfload.aux.set_xheight' in `luaotfload.patch_font'.
Inserting `luaotfload.rewrite_fontname' in `luaotfload.patch_font'.
Inserting `tracingstacklevels' in `input_level_string'. (./unoesc-thesis.cls
Document Class: unoesc-thesis 2023-03-25 0.0.0 Classe para elaboração e forma
tação de trabalhos acadêmicos da Unoesc Chapecó
(C:/Users/adm/AppData/Local/Programs/MiKTeX/tex/latex/xcolor/xcolor.sty
Package: xcolor 2023/11/15 v3.01 LaTeX color extensions (UK)

(C:/Users/adm/AppData/Local/Programs/MiKTeX/tex/latex/graphics-cfg/color.cfg
File: color.cfg 2016/01/02 v1.6 sample color configuration
)
Package xcolor Info: Driver file: luatex.def on input line 274.

(C:/Users/adm/AppData/Local/Programs/MiKTeX/tex/latex/graphics-def/luatex.def
File: luatex.def 2022/09/22 v1.2d Graphics/color driver for luatex
)
(C:/Users/adm/AppData/Local/Programs/MiKTeX/tex/latex/graphics/mathcolor.ltx)
Package xcolor Info: Model `cmy' substituted by `cmy0' on input line 1350.
Package xcolor Info: Model `hsb' substituted by `rgb' on input line 1354.
Package xcolor Info: Model `RGB' extended on input line 1366.
Package xcolor Info: Model `HTML' substituted by `rgb' on input line 1368.
Package xcolor Info: Model `Hsb' substituted by `hsb' on input line 1369.
Package xcolor Info: Model `tHsb' substituted by `hsb' on input line 1370.
Package xcolor Info: Model `HSB' substituted by `hsb' on input line 1371.
Package xcolor Info: Model `Gray' substituted by `gray' on input line 1372.
Package xcolor Info: Model `wave' substituted by `hsb' on input line 1373.
)
\ut@lineheight=\dimen140
\ut@linesize=\dimen141
\ut@linedepth=\dimen142
\ut@normalsize=\dimen143

(C:/Users/adm/AppData/Local/Programs/MiKTeX/tex/latex/unicode-math/unicode-math
.sty (C:/Users/adm/AppData/Local/Programs/MiKTeX/tex/latex/l3kernel/expl3.sty
Package: expl3 2024-03-14 L3 programming layer (loader) 

(C:/Users/adm/AppData/Local/Programs/MiKTeX/tex/latex/l3backend/l3backend-luate
x.def
File: l3backend-luatex.def 2024-03-14 L3 backend support: PDF output (LuaTeX)
\l__color_backend_stack_int=\count192
Inserting `l3color' in `luaotfload.parse_color'.
\l__pdf_internal_box=\box52
))
Package: unicode-math 2023/08/13 v0.8r Unicode maths in XeLaTeX and LuaLaTeX

(C:/Users/adm/AppData/Local/Programs/MiKTeX/tex/latex/unicode-math/unicode-math
-luatex.sty
Package: unicode-math-luatex 2023/08/13 v0.8r Unicode maths in XeLaTeX and LuaL
aTeX

(C:/Users/adm/AppData/Local/Programs/MiKTeX/tex/latex/l3packages/xparse/xparse.
sty
Package: xparse 2024-03-14 L3 Experimental document command parser
)
(C:/Users/adm/AppData/Local/Programs/MiKTeX/tex/latex/l3packages/l3keys2e/l3key
s2e.sty
Package: l3keys2e 2024-03-14 LaTeX2e option processing using LaTeX3 keys
)
(C:/Users/adm/AppData/Local/Programs/MiKTeX/tex/latex/fontspec/fontspec.sty
Package: fontspec 2024/02/13 v2.9a Font selection for XeLaTeX and LuaLaTeX
Lua module: fontspec 2024/02/13 2.9a Font selection for XeLaTeX and LuaLaTeX
(C:/Users/adm/AppData/Local/Programs/MiKTeX/tex/latex/fontspec/fontspec-luatex.
sty
Package: fontspec-luatex 2024/02/13 v2.9a Font selection for XeLaTeX and LuaLaT
eX
\l__fontspec_script_int=\count193
\l__fontspec_language_int=\count194
\l__fontspec_strnum_int=\count195
\l__fontspec_tmp_int=\count196
\l__fontspec_tmpa_int=\count197
\l__fontspec_tmpb_int=\count198
\l__fontspec_tmpc_int=\count199
\l__fontspec_em_int=\count266
\l__fontspec_emdef_int=\count267
\l__fontspec_strong_int=\count268
\l__fontspec_strongdef_int=\count269
\l__fontspec_tmpa_dim=\dimen144
\l__fontspec_tmpb_dim=\dimen145
\l__fontspec_tmpc_dim=\dimen146
 (C:/Users/adm/AppData/Local/Programs/MiKTeX/tex/latex/base/fontenc.sty
Package: fontenc 2021/04/29 v2.0v Standard LaTeX package
luaotfload | db : Font names database loaded from C:/Users/adm/AppData/Local/MiK
TeX/luatex-cache/generic/names/luaotfload-names.luc.gz)
(C:/Users/adm/AppData/Local/Programs/MiKTeX/tex/latex/fontspec/fontspec.cfg)))
(C:/Users/adm/AppData/Local/Programs/MiKTeX/tex/latex/base/fix-cm.sty
Package: fix-cm 2020/11/24 v1.1t fixes to LaTeX

(C:/Users/adm/AppData/Local/Programs/MiKTeX/tex/latex/base/ts1enc.def
File: ts1enc.def 2001/06/05 v3.0e (jk/car/fm) Standard LaTeX file
LaTeX Font Info:    Redeclaring font encoding TS1 on input line 47.
))
(C:/Users/adm/AppData/Local/Programs/MiKTeX/tex/latex/amsmath/amsmath.sty
Package: amsmath 2023/05/13 v2.17o AMS math features
\@mathmargin=\skip49

For additional information on amsmath, use the `?' option.
(C:/Users/adm/AppData/Local/Programs/MiKTeX/tex/latex/amsmath/amstext.sty
Package: amstext 2021/08/26 v2.01 AMS text

(C:/Users/adm/AppData/Local/Programs/MiKTeX/tex/latex/amsmath/amsgen.sty
File: amsgen.sty 1999/11/30 v2.0 generic functions
\@emptytoks=\toks17
\ex@=\dimen147
))
(C:/Users/adm/AppData/Local/Programs/MiKTeX/tex/latex/amsmath/amsbsy.sty
Package: amsbsy 1999/11/29 v1.2d Bold Symbols
\pmbraise@=\dimen148
)
(C:/Users/adm/AppData/Local/Programs/MiKTeX/tex/latex/amsmath/amsopn.sty
Package: amsopn 2022/04/08 v2.04 operator names
)
\inf@bad=\count270
LaTeX Info: Redefining \frac on input line 236.
\uproot@=\count271
\leftroot@=\count272
LaTeX Info: Redefining \overline on input line 399.
LaTeX Info: Redefining \colon on input line 410.
\classnum@=\count273
\DOTSCASE@=\count274
LaTeX Info: Redefining \ldots on input line 496.
LaTeX Info: Redefining \dots on input line 499.
LaTeX Info: Redefining \cdots on input line 620.
\Mathstrutbox@=\box53
\strutbox@=\box54
LaTeX Info: Redefining \big on input line 722.
LaTeX Info: Redefining \Big on input line 723.
LaTeX Info: Redefining \bigg on input line 724.
LaTeX Info: Redefining \Bigg on input line 725.
\big@size=\dimen149
LaTeX Font Info:    Redeclaring font encoding OML on input line 743.
LaTeX Font Info:    Redeclaring font encoding OMS on input line 744.
\macc@depth=\count275
LaTeX Info: Redefining \bmod on input line 905.
LaTeX Info: Redefining \pmod on input line 910.
LaTeX Info: Redefining \smash on input line 940.
LaTeX Info: Redefining \relbar on input line 970.
LaTeX Info: Redefining \Relbar on input line 971.
\c@MaxMatrixCols=\count276
\dotsspace@=\muskip17
\c@parentequation=\count277
\dspbrk@lvl=\count278
\tag@help=\toks18
\row@=\count279
\column@=\count280
\maxfields@=\count281
\andhelp@=\toks19
\eqnshift@=\dimen150
\alignsep@=\dimen151
\tagshift@=\dimen152
\tagwidth@=\dimen153
\totwidth@=\dimen154
\lineht@=\dimen155
\@envbody=\toks20
\multlinegap=\skip50
\multlinetaggap=\skip51
\mathdisplay@stack=\toks21
LaTeX Info: Redefining \[ on input line 2953.
LaTeX Info: Redefining \] on input line 2954.
)
(C:/Users/adm/AppData/Local/Programs/MiKTeX/tex/lualatex/lualatex-math/lualatex
-math.sty
Package: lualatex-math 2022/01/01 v1.12 Patches for mathematics typesetting wit
h LuaLaTeX

(C:/Users/adm/AppData/Local/Programs/MiKTeX/tex/latex/etoolbox/etoolbox.sty
Package: etoolbox 2020/10/05 v2.5k e-TeX tools for LaTeX (JAW)
\etb@tempcnta=\count282
)
Lua module: lualatex-math 2013/08/03 1.3 Patches for mathematics typesetting wit
h LuaLaTeX)
\g__um_fam_int=\count283
\g__um_fonts_used_int=\count284
\l__um_primecount_int=\count285
\g__um_primekern_muskip=\muskip18

(C:/Users/adm/AppData/Local/Programs/MiKTeX/tex/latex/unicode-math/unicode-math
-table.tex)))
luaotfload | cache : Lookup cache loaded from C:/Users/adm/AppData/Local/MiKTeX/
luatex-cache/generic/names/luaotfload-lookup-cache.luc.

Package fontspec Info: Font family 'TimesNewRoman(0)' created for font 'Times
(fontspec)             New Roman' with options [Ligatures=TeX,Ligatures=Rare].
(fontspec)              
(fontspec)              This font family consists of the following NFSS
(fontspec)             series/shapes:
(fontspec)              
(fontspec)             - 'normal' (m/n) with NFSS spec.:
(fontspec)             <->"name:TimesNewRoman:mode=node;script=latn;language=df
lt;+tlig;+dlig;"
(fontspec)             - 'small caps'  (m/sc) with NFSS spec.:
(fontspec)             <->"name:TimesNewRoman:mode=node;script=latn;language=df
lt;+tlig;+dlig;+smcp;"
(fontspec)             - 'bold' (b/n) with NFSS spec.:
(fontspec)             <->"name:TimesNewRoman/B:mode=node;script=latn;language=
dflt;+tlig;+dlig;"
(fontspec)             - 'bold small caps'  (b/sc) with NFSS spec.:
(fontspec)             <->"name:TimesNewRoman/B:mode=node;script=latn;language=
dflt;+tlig;+dlig;+smcp;"
(fontspec)             - 'italic' (m/it) with NFSS spec.:
(fontspec)             <->"name:TimesNewRoman/I:mode=node;script=latn;language=
dflt;+tlig;+dlig;"
(fontspec)             - 'italic small caps'  (m/scit) with NFSS spec.:
(fontspec)             <->"name:TimesNewRoman/I:mode=node;script=latn;language=
dflt;+tlig;+dlig;+smcp;"
(fontspec)             - 'bold italic' (b/it) with NFSS spec.:
(fontspec)             <->"name:TimesNewRoman/BI:mode=node;script=latn;language
=dflt;+tlig;+dlig;"
(fontspec)             - 'bold italic small caps'  (b/scit) with NFSS spec.:
(fontspec)             <->"name:TimesNewRoman/BI:mode=node;script=latn;language
=dflt;+tlig;+dlig;+smcp;"


Package fontspec Info: Font family 'TimesNewRoman(1)' created for font 'Times
(fontspec)             New Roman' with options [Renderer=Basic].
(fontspec)              
(fontspec)              This font family consists of the following NFSS
(fontspec)             series/shapes:
(fontspec)              
(fontspec)             - 'normal' (m/n) with NFSS spec.:
(fontspec)             <->"name:TimesNewRoman:mode=base;script=latn;language=df
lt;"
(fontspec)             - 'small caps'  (m/sc) with NFSS spec.:
(fontspec)             <->"name:TimesNewRoman:mode=base;script=latn;language=df
lt;+smcp;"
(fontspec)             - 'bold' (b/n) with NFSS spec.:
(fontspec)             <->"name:TimesNewRoman/B:mode=base;script=latn;language=
dflt;"
(fontspec)             - 'bold small caps'  (b/sc) with NFSS spec.:
(fontspec)             <->"name:TimesNewRoman/B:mode=base;script=latn;language=
dflt;+smcp;"
(fontspec)             - 'italic' (m/it) with NFSS spec.:
(fontspec)             <->"name:TimesNewRoman/I:mode=base;script=latn;language=
dflt;"
(fontspec)             - 'italic small caps'  (m/scit) with NFSS spec.:
(fontspec)             <->"name:TimesNewRoman/I:mode=base;script=latn;language=
dflt;+smcp;"
(fontspec)             - 'bold italic' (b/it) with NFSS spec.:
(fontspec)             <->"name:TimesNewRoman/BI:mode=base;script=latn;language
=dflt;"
(fontspec)             - 'bold italic small caps'  (b/scit) with NFSS spec.:
(fontspec)             <->"name:TimesNewRoman/BI:mode=base;script=latn;language
=dflt;+smcp;"

LaTeX Font Info:    Overwriting math alphabet `\mathrm' in version `normal'
(Font)                  OT1/cmr/m/n --> TU/TimesNewRoman(1)/m/n on input line 1
31.
LaTeX Font Info:    Overwriting math alphabet `\mathit' in version `normal'
(Font)                  OT1/cmr/m/it --> TU/TimesNewRoman(1)/m/it on input line
 131.
LaTeX Font Info:    Overwriting math alphabet `\mathbf' in version `normal'
(Font)                  OT1/cmr/bx/n --> TU/TimesNewRoman(1)/b/n on input line 
131.
luaotfload | aux : font no 47 (nil) does not define feature smcp for script latn
 with language dflt
luaotfload | aux : font no 48 (nil) does not define feature smcp for script latn
 with language dflt

Package fontspec Info: Font family 'Arial(0)' created for font 'Arial' with
(fontspec)             options [Ligatures=TeX].
(fontspec)              
(fontspec)              This font family consists of the following NFSS
(fontspec)             series/shapes:
(fontspec)              
(fontspec)             - 'normal' (m/n) with NFSS spec.:
(fontspec)             <->"name:Arial:mode=node;script=latn;language=dflt;+tlig
;"
(fontspec)             - 'small caps'  (m/sc) with NFSS spec.:
(fontspec)             <->"name:Arial:mode=node;script=latn;language=dflt;+tlig
;+smcp;"
(fontspec)             - 'bold' (b/n) with NFSS spec.:
(fontspec)             <->"name:Arial/B:mode=node;script=latn;language=dflt;+tl
ig;"
(fontspec)             - 'bold small caps'  (b/sc) with NFSS spec.:
(fontspec)             <->"name:Arial/B:mode=node;script=latn;language=dflt;+tl
ig;+smcp;"
(fontspec)             - 'italic' (m/it) with NFSS spec.:
(fontspec)             <->"name:Arial/I:mode=node;script=latn;language=dflt;+tl
ig;"
(fontspec)             - 'italic small caps'  (m/scit) with NFSS spec.: 
(fontspec)             - 'bold italic' (b/it) with NFSS spec.:
(fontspec)             <->"name:Arial/BI:mode=node;script=latn;language=dflt;+t
lig;"
(fontspec)             - 'bold italic small caps'  (b/scit) with NFSS spec.: 

luaotfload | aux : font no 57 (nil) does not define feature smcp for script latn
 with language dflt
luaotfload | aux : font no 58 (nil) does not define feature smcp for script latn
 with language dflt

Package fontspec Info: Font family 'Arial(1)' created for font 'Arial' with
(fontspec)             options [Renderer=Basic].
(fontspec)              
(fontspec)              This font family consists of the following NFSS
(fontspec)             series/shapes:
(fontspec)              
(fontspec)             - 'normal' (m/n) with NFSS spec.:
(fontspec)             <->"name:Arial:mode=base;script=latn;language=dflt;"
(fontspec)             - 'small caps'  (m/sc) with NFSS spec.:
(fontspec)             <->"name:Arial:mode=base;script=latn;language=dflt;+smcp
;"
(fontspec)             - 'bold' (b/n) with NFSS spec.:
(fontspec)             <->"name:Arial/B:mode=base;script=latn;language=dflt;"
(fontspec)             - 'bold small caps'  (b/sc) with NFSS spec.:
(fontspec)             <->"name:Arial/B:mode=base;script=latn;language=dflt;+sm
cp;"
(fontspec)             - 'italic' (m/it) with NFSS spec.:
(fontspec)             <->"name:Arial/I:mode=base;script=latn;language=dflt;"
(fontspec)             - 'italic small caps'  (m/scit) with NFSS spec.: 
(fontspec)             - 'bold italic' (b/it) with NFSS spec.:
(fontspec)             <->"name:Arial/BI:mode=base;script=latn;language=dflt;"
(fontspec)             - 'bold italic small caps'  (b/scit) with NFSS spec.: 

LaTeX Font Info:    Overwriting math alphabet `\mathsf' in version `normal'
(Font)                  OT1/cmss/m/n --> TU/Arial(1)/m/n on input line 132.
LaTeX Font Info:    Overwriting math alphabet `\mathsf' in version `bold'
(Font)                  OT1/cmss/bx/n --> TU/Arial(1)/b/n on input line 132.

Package fontspec Info: Arial scale = 0.8625214254712378.


Package fontspec Info: Arial scale = 0.8625214254712378.


Package fontspec Info: Arial scale = 0.8625214254712378.


Package fontspec Info: Arial/B scale = 0.8625214254712378.


Package fontspec Info: Arial/B scale = 0.8625214254712378.


Package fontspec Info: Arial/I scale = 0.8625214254712378.

luaotfload | aux : font no 47 (nil) does not define feature smcp for script latn
 with language dflt

Package fontspec Info: Arial/BI scale = 0.8625214254712378.

luaotfload | aux : font no 48 (nil) does not define feature smcp for script latn
 with language dflt

Package fontspec Info: Font family 'Arial(2)' created for font 'Arial' with
(fontspec)             options [Scale=MatchLowercase,Ligatures=TeX].
(fontspec)              
(fontspec)              This font family consists of the following NFSS
(fontspec)             series/shapes:
(fontspec)              
(fontspec)             - 'normal' (m/n) with NFSS spec.:
(fontspec)             <->s*[0.8625214254712378]"name:Arial:mode=node;script=la
tn;language=dflt;+tlig;"
(fontspec)             - 'small caps'  (m/sc) with NFSS spec.:
(fontspec)             <->s*[0.8625214254712378]"name:Arial:mode=node;script=la
tn;language=dflt;+tlig;+smcp;"
(fontspec)             - 'bold' (b/n) with NFSS spec.:
(fontspec)             <->s*[0.8625214254712378]"name:Arial/B:mode=node;script=
latn;language=dflt;+tlig;"
(fontspec)             - 'bold small caps'  (b/sc) with NFSS spec.:
(fontspec)             <->s*[0.8625214254712378]"name:Arial/B:mode=node;script=
latn;language=dflt;+tlig;+smcp;"
(fontspec)             - 'italic' (m/it) with NFSS spec.:
(fontspec)             <->s*[0.8625214254712378]"name:Arial/I:mode=node;script=
latn;language=dflt;+tlig;"
(fontspec)             - 'italic small caps'  (m/scit) with NFSS spec.: 
(fontspec)             - 'bold italic' (b/it) with NFSS spec.:
(fontspec)             <->s*[0.8625214254712378]"name:Arial/BI:mode=node;script
=latn;language=dflt;+tlig;"
(fontspec)             - 'bold italic small caps'  (b/scit) with NFSS spec.: 


Package fontspec Info: STIXTwoMath scale = 0.9455915996161114.


Package fontspec Info: Could not resolve font "STIXTwoMath/B" (it probably
(fontspec)             doesn't exist).


Package fontspec Info: STIXTwoMath scale = 0.9455915996161114.


Package fontspec Info: Font family 'STIXTwoMath(0)' created for font 'STIX Two
(fontspec)             Math' with options
(fontspec)             [Scale=MatchLowercase,Renderer=Basic,BoldItalicFont={},I
talicFont={},SmallCapsFont={},Script=Math,RawFeature={mathfontdimen=xetex}].
(fontspec)              
(fontspec)              This font family consists of the following NFSS
(fontspec)             series/shapes:
(fontspec)              
(fontspec)             - 'normal' (m/n) with NFSS spec.:
(fontspec)             <->s*[0.9455915996161114]"name:STIXTwoMath:mode=base;scr
ipt=math;language=dflt;mathfontdimen=xetex;"
(fontspec)             - 'small caps'  (m/sc) with NFSS spec.: 

LaTeX Font Info:    Font shape `TU/STIXTwoMath(0)/m/n' will be
(Font)              scaled to size 11.34705pt on input line 140.

Package fontspec Info: STIXTwoMath scale = 0.9455915996161114.


Package fontspec Info: Could not resolve font "STIXTwoMath/B" (it probably
(fontspec)             doesn't exist).


Package fontspec Info: STIXTwoMath scale = 0.9455915996161114.


Package fontspec Info: STIXTwoMath scale = 0.9455915996161114.


Package fontspec Info: STIXTwoMath scale = 0.9455915996161114.


Package fontspec Info: Font family 'STIXTwoMath(1)' created for font 'STIX Two
(fontspec)             Math' with options
(fontspec)             [Scale=MatchLowercase,Renderer=Basic,BoldItalicFont={},I
talicFont={},SmallCapsFont={},Script=Math,SizeFeatures={{Size=10.2-},{Size=7.5-
10.2,Font=STIX
(fontspec)             Two Math,Style=MathScript},{Size=-7.5,Font=STIX Two
(fontspec)             Math,Style=MathScriptScript}},RawFeature={mathfontdimen=
xetex}].
(fontspec)              
(fontspec)              This font family consists of the following NFSS
(fontspec)             series/shapes:
(fontspec)              
(fontspec)             - 'normal' (m/n) with NFSS spec.:
(fontspec)             <10.2->s*[0.9455915996161114]"name:STIXTwoMath:mode=base
;script=math;language=dflt;mathfontdimen=xetex;"<7.5-10.2>s*[0.9455915996161114
]"name:STIXTwoMath:mode=base;script=math;language=dflt;mathfontdimen=xetex;+sst
y=0;"<-7.5>s*[0.9455915996161114]"name:STIXTwoMath:mode=base;script=math;langua
ge=dflt;mathfontdimen=xetex;+ssty=1;"
(fontspec)             - 'small caps'  (m/sc) with NFSS spec.: 

LaTeX Font Info:    Font shape `TU/STIXTwoMath(1)/m/n' will be
(Font)              scaled to size 11.34705pt on input line 140.
LaTeX Font Info:    Encoding `OT1' has changed to `TU' for symbol font
(Font)              `operators' in the math version `normal' on input line 140.

LaTeX Font Info:    Overwriting symbol font `operators' in version `normal'
(Font)                  OT1/cmr/m/n --> TU/STIXTwoMath(1)/m/n on input line 140
.
LaTeX Font Info:    Encoding `OT1' has changed to `TU' for symbol font
(Font)              `operators' in the math version `bold' on input line 140.
LaTeX Font Info:    Overwriting symbol font `operators' in version `bold'
(Font)                  OT1/cmr/bx/n --> TU/STIXTwoMath(1)/b/n on input line 14
0.

Package fontspec Info: STIXTwoMath scale = 0.9455915996161114.


Package fontspec Info: Could not resolve font "STIXTwoMath/B" (it probably
(fontspec)             doesn't exist).


Package fontspec Info: STIXTwoMath scale = 0.9455915996161114.


Package fontspec Info: STIXTwoMath scale = 0.9455915996161114.


Package fontspec Info: STIXTwoMath scale = 0.9455915996161114.


Package fontspec Info: Font family 'STIXTwoMath(2)' created for font 'STIX Two
(fontspec)             Math' with options
(fontspec)             [Scale=MatchLowercase,Renderer=Basic,BoldItalicFont={},I
talicFont={},SmallCapsFont={},Script=Math,SizeFeatures={{Size=10.2-},{Size=7.5-
10.2,Font=STIX
(fontspec)             Two Math,Style=MathScript},{Size=-7.5,Font=STIX Two
(fontspec)             Math,Style=MathScriptScript}},RawFeature={mathfontdimen=
xetex},RawFeature={mathfontdimen=tex2}].
(fontspec)              
(fontspec)              This font family consists of the following NFSS
(fontspec)             series/shapes:
(fontspec)              
(fontspec)             - 'normal' (m/n) with NFSS spec.:
(fontspec)             <10.2->s*[0.9455915996161114]"name:STIXTwoMath:mode=base
;script=math;language=dflt;mathfontdimen=xetex;mathfontdimen=tex2;"<7.5-10.2>s*
[0.9455915996161114]"name:STIXTwoMath:mode=base;script=math;language=dflt;mathf
ontdimen=xetex;mathfontdimen=tex2;+ssty=0;"<-7.5>s*[0.9455915996161114]"name:ST
IXTwoMath:mode=base;script=math;language=dflt;mathfontdimen=xetex;mathfontdimen
=tex2;+ssty=1;"
(fontspec)             - 'small caps'  (m/sc) with NFSS spec.: 

LaTeX Font Info:    Encoding `OMS' has changed to `TU' for symbol font
(Font)              `symbols' in the math version `normal' on input line 140.
LaTeX Font Info:    Overwriting symbol font `symbols' in version `normal'
(Font)                  OMS/cmsy/m/n --> TU/STIXTwoMath(2)/m/n on input line 14
0.
LaTeX Font Info:    Encoding `OMS' has changed to `TU' for symbol font
(Font)              `symbols' in the math version `bold' on input line 140.
LaTeX Font Info:    Overwriting symbol font `symbols' in version `bold'
(Font)                  OMS/cmsy/b/n --> TU/STIXTwoMath(2)/b/n on input line 14
0.

Package fontspec Info: STIXTwoMath scale = 0.9455915996161114.


Package fontspec Info: Could not resolve font "STIXTwoMath/B" (it probably
(fontspec)             doesn't exist).


Package fontspec Info: STIXTwoMath scale = 0.9455915996161114.


Package fontspec Info: STIXTwoMath scale = 0.9455915996161114.


Package fontspec Info: STIXTwoMath scale = 0.9455915996161114.


Package fontspec Info: Font family 'STIXTwoMath(3)' created for font 'STIX Two
(fontspec)             Math' with options
(fontspec)             [Scale=MatchLowercase,Renderer=Basic,BoldItalicFont={},I
talicFont={},SmallCapsFont={},Script=Math,SizeFeatures={{Size=10.2-},{Size=7.5-
10.2,Font=STIX
(fontspec)             Two Math,Style=MathScript},{Size=-7.5,Font=STIX Two
(fontspec)             Math,Style=MathScriptScript}},RawFeature={mathfontdimen=
xetex},RawFeature={mathfontdimen=tex3}].
(fontspec)              
(fontspec)              This font family consists of the following NFSS
(fontspec)             series/shapes:
(fontspec)              
(fontspec)             - 'normal' (m/n) with NFSS spec.:
(fontspec)             <10.2->s*[0.9455915996161114]"name:STIXTwoMath:mode=base
;script=math;language=dflt;mathfontdimen=xetex;mathfontdimen=tex3;"<7.5-10.2>s*
[0.9455915996161114]"name:STIXTwoMath:mode=base;script=math;language=dflt;mathf
ontdimen=xetex;mathfontdimen=tex3;+ssty=0;"<-7.5>s*[0.9455915996161114]"name:ST
IXTwoMath:mode=base;script=math;language=dflt;mathfontdimen=xetex;mathfontdimen
=tex3;+ssty=1;"
(fontspec)             - 'small caps'  (m/sc) with NFSS spec.: 

LaTeX Font Info:    Encoding `OMX' has changed to `TU' for symbol font
(Font)              `largesymbols' in the math version `normal' on input line 1
40.
LaTeX Font Info:    Overwriting symbol font `largesymbols' in version `normal'
(Font)                  OMX/cmex/m/n --> TU/STIXTwoMath(3)/m/n on input line 14
0.
LaTeX Font Info:    Encoding `OMX' has changed to `TU' for symbol font
(Font)              `largesymbols' in the math version `bold' on input line 140
.
LaTeX Font Info:    Overwriting symbol font `largesymbols' in version `bold'
(Font)                  OMX/cmex/m/n --> TU/STIXTwoMath(3)/b/n on input line 14
0.
LaTeX Font Info:    Font shape `TU/STIXTwoMath(1)/m/n' will be
(Font)              scaled to size 7.94292pt on input line 140.
LaTeX Font Info:    Font shape `TU/STIXTwoMath(1)/m/n' will be
(Font)              scaled to size 6.24088pt on input line 140.
LaTeX Font Info:    Font shape `TU/STIXTwoMath(2)/m/n' will be
(Font)              scaled to size 11.34705pt on input line 140.
LaTeX Font Info:    Font shape `TU/STIXTwoMath(2)/m/n' will be
(Font)              scaled to size 7.94292pt on input line 140.
LaTeX Font Info:    Font shape `TU/STIXTwoMath(2)/m/n' will be
(Font)              scaled to size 6.24088pt on input line 140.
LaTeX Font Info:    Font shape `TU/STIXTwoMath(3)/m/n' will be
(Font)              scaled to size 11.34705pt on input line 140.
LaTeX Font Info:    Font shape `TU/STIXTwoMath(3)/m/n' will be
(Font)              scaled to size 7.94292pt on input line 140.
LaTeX Font Info:    Font shape `TU/STIXTwoMath(3)/m/n' will be
(Font)              scaled to size 6.24088pt on input line 140.

Package fontspec Info: CourierNew scale = 1.057733539821678.


Package fontspec Info: CourierNew scale = 1.057733539821678.

luaotfload | aux : font no 81 (nil) does not define feature smcp for script latn
 with language dflt

Package fontspec Info: CourierNew/B scale = 1.008807679401617.

luaotfload | aux : font no 82 (nil) does not define feature smcp for script latn
 with language dflt

Package fontspec Info: CourierNew/I scale = 1.057733539821678.

luaotfload | aux : font no 83 (nil) does not define feature smcp for script latn
 with language dflt

Package fontspec Info: CourierNew/BI scale = 1.008807679401617.

luaotfload | aux : font no 84 (nil) does not define feature smcp for script latn
 with language dflt

Package fontspec Info: Font family 'CourierNew(0)' created for font 'Courier
(fontspec)             New' with options
(fontspec)             [Scale=MatchLowercase,WordSpace={1,0,0},HyphenChar=None,
PunctuationSpace=WordSpace].
(fontspec)              
(fontspec)              This font family consists of the following NFSS
(fontspec)             series/shapes:
(fontspec)              
(fontspec)             - 'normal' (m/n) with NFSS spec.:
(fontspec)             <->s*[1.057733539821678]"name:CourierNew:mode=node;scrip
t=latn;language=dflt;"
(fontspec)             - 'small caps'  (m/sc) with NFSS spec.: 
(fontspec)             and font adjustment code:
(fontspec)             \fontdimen 2\font =1\fontdimen 2\font \fontdimen 3\font
(fontspec)             =0\fontdimen 3\font \fontdimen 4\font =0\fontdimen
(fontspec)             4\font \fontdimen 7\font =0\fontdimen 2\font
(fontspec)             \tex_hyphenchar:D \font =-1\scan_stop: 
(fontspec)             - 'bold' (b/n) with NFSS spec.:
(fontspec)             <->s*[1.008807679401617]"name:CourierNew/B:mode=node;scr
ipt=latn;language=dflt;"
(fontspec)             - 'bold small caps'  (b/sc) with NFSS spec.: 
(fontspec)             and font adjustment code:
(fontspec)             \fontdimen 2\font =1\fontdimen 2\font \fontdimen 3\font
(fontspec)             =0\fontdimen 3\font \fontdimen 4\font =0\fontdimen
(fontspec)             4\font \fontdimen 7\font =0\fontdimen 2\font
(fontspec)             \tex_hyphenchar:D \font =-1\scan_stop: 
(fontspec)             - 'italic' (m/it) with NFSS spec.:
(fontspec)             <->s*[1.057733539821678]"name:CourierNew/I:mode=node;scr
ipt=latn;language=dflt;"
(fontspec)             - 'italic small caps'  (m/scit) with NFSS spec.: 
(fontspec)             and font adjustment code:
(fontspec)             \fontdimen 2\font =1\fontdimen 2\font \fontdimen 3\font
(fontspec)             =0\fontdimen 3\font \fontdimen 4\font =0\fontdimen
(fontspec)             4\font \fontdimen 7\font =0\fontdimen 2\font
(fontspec)             \tex_hyphenchar:D \font =-1\scan_stop: 
(fontspec)             - 'bold italic' (b/it) with NFSS spec.:
(fontspec)             <->s*[1.008807679401617]"name:CourierNew/BI:mode=node;sc
ript=latn;language=dflt;"
(fontspec)             - 'bold italic small caps'  (b/scit) with NFSS spec.: 
(fontspec)             and font adjustment code:
(fontspec)             \fontdimen 2\font =1\fontdimen 2\font \fontdimen 3\font
(fontspec)             =0\fontdimen 3\font \fontdimen 4\font =0\fontdimen
(fontspec)             4\font \fontdimen 7\font =0\fontdimen 2\font
(fontspec)             \tex_hyphenchar:D \font =-1\scan_stop: 


Package fontspec Info: CourierNew scale = 1.057733539821678.


Package fontspec Info: CourierNew scale = 1.057733539821678.

luaotfload | aux : font no 91 (nil) does not define feature smcp for script latn
 with language dflt

Package fontspec Info: CourierNew/B scale = 1.008807679401617.

luaotfload | aux : font no 92 (nil) does not define feature smcp for script latn
 with language dflt

Package fontspec Info: CourierNew/I scale = 1.057733539821678.

luaotfload | aux : font no 93 (nil) does not define feature smcp for script latn
 with language dflt

Package fontspec Info: CourierNew/BI scale = 1.008807679401617.

luaotfload | aux : font no 94 (nil) does not define feature smcp for script latn
 with language dflt

Package fontspec Info: Font family 'CourierNew(1)' created for font 'Courier
(fontspec)             New' with options
(fontspec)             [Scale=MatchLowercase,Renderer=Basic].
(fontspec)              
(fontspec)              This font family consists of the following NFSS
(fontspec)             series/shapes:
(fontspec)              
(fontspec)             - 'normal' (m/n) with NFSS spec.:
(fontspec)             <->s*[1.057733539821678]"name:CourierNew:mode=base;scrip
t=latn;language=dflt;"
(fontspec)             - 'small caps'  (m/sc) with NFSS spec.: 
(fontspec)             - 'bold' (b/n) with NFSS spec.:
(fontspec)             <->s*[1.008807679401617]"name:CourierNew/B:mode=base;scr
ipt=latn;language=dflt;"
(fontspec)             - 'bold small caps'  (b/sc) with NFSS spec.: 
(fontspec)             - 'italic' (m/it) with NFSS spec.:
(fontspec)             <->s*[1.057733539821678]"name:CourierNew/I:mode=base;scr
ipt=latn;language=dflt;"
(fontspec)             - 'italic small caps'  (m/scit) with NFSS spec.: 
(fontspec)             - 'bold italic' (b/it) with NFSS spec.:
(fontspec)             <->s*[1.008807679401617]"name:CourierNew/BI:mode=base;sc
ript=latn;language=dflt;"
(fontspec)             - 'bold italic small caps'  (b/scit) with NFSS spec.: 

LaTeX Font Info:    Overwriting math alphabet `\mathtt' in version `normal'
(Font)                  OT1/cmtt/m/n --> TU/CourierNew(1)/m/n on input line 142
.
LaTeX Font Info:    Overwriting math alphabet `\mathtt' in version `bold'
(Font)                  OT1/cmtt/m/n --> TU/CourierNew(1)/b/n on input line 142
.
\ut@topmargin=\dimen156
\ut@outermargin=\dimen157
\ut@bottommargin=\dimen158
\ut@innermargin=\dimen159
\ut@interlineskip=\skip52
\ut@parindent=\dimen160

(C:/Users/adm/AppData/Local/Programs/MiKTeX/tex/latex/mfirstuc/mfirstuc.sty
Package: mfirstuc 2022/10/14 v2.08 (NLCT)
\@glsmfirst=\toks22
\@glsmrest=\toks23
)
(C:/Users/adm/AppData/Local/Programs/MiKTeX/tex/latex/xstring/xstring.sty
(C:/Users/adm/AppData/Local/Programs/MiKTeX/tex/generic/xstring/xstring.tex
\xs_counta=\count286
\xs_countb=\count287
)
Package: xstring 2023/08/22 v1.86 String manipulations (CT)
)
(C:/Users/adm/AppData/Local/Programs/MiKTeX/tex/generic/babel/babel.sty
Package: babel 2024/02/07 v24.2 The Babel package

(C:/Users/adm/AppData/Local/Programs/MiKTeX/tex/generic/babel/luababel.def
\bbl@readstream=\read2
\l@afrikaans=\language2
Package babel Info: Non-standard hyphenation setup on input line 118.
\l@ancientgreek=\language3
\l@armenian=\language4
\l@assamese=\language5
\l@basque=\language6
\l@belarusian=\language7
\l@bengali=\language8
\l@bokmal=\language9
\l@bulgarian=\language10
\l@catalan=\language11
\l@churchslavonic=\language12
\l@classiclatin=\language13
\l@coptic=\language14
\l@croatian=\language15
\l@czech=\language16
\l@danish=\language17
\l@dutch=\language18
\l@esperanto=\language19
\l@estonian=\language20
\l@ethiopic=\language21
\l@finnish=\language22
\l@french=\language23
\l@friulan=\language24
\l@galician=\language25
\l@georgian=\language26
\l@german=\language27
\l@greek=\language28
\l@gujarati=\language29
\l@hindi=\language30
\l@hungarian=\language31
\l@icelandic=\language32
\l@indonesian=\language33
\l@interlingua=\language34
\l@irish=\language35
\l@italian=\language36
\l@kannada=\language37
\l@kurmanji=\language38
\l@latin=\language39
\l@latvian=\language40
\l@lithuanian=\language41
\l@liturgicallatin=\language42
\l@macedonian=\language43
\l@malayalam=\language44
\l@marathi=\language45
\l@mongolian=\language46
\l@mongolianlmc=\language47
\l@monogreek=\language48
\l@ngerman=\language49
\l@nynorsk=\language50
\l@occitan=\language51
\l@oriya=\language52
\l@pali=\language53
\l@panjabi=\language54
\l@piedmontese=\language55
\l@polish=\language56
\l@portuguese=\language57
\l@romanian=\language58
\l@romansh=\language59
\l@russian=\language60
\l@sanskrit=\language61
\l@serbian=\language62
\l@serbianc=\language63
\l@slovak=\language64
\l@slovenian=\language65
\l@spanish=\language66
\l@swedish=\language67
\l@swissgerman=\language68
\l@tamil=\language69
\l@telugu=\language70
\l@thai=\language71
\l@turkish=\language72
\l@turkmen=\language73
\l@ukenglish=\language74
\l@ukrainian=\language75
\l@uppersorbian=\language76
\l@usenglishmax=\language77
\l@welsh=\language78
\babelcatcodetablenum=\catcodetable14
\bbl@pattcodes=\catcodetable15
)
\babel@savecnt=\count288
\U@D=\dimen161
\l@unhyphenated=\language79

(C:/Users/adm/AppData/Local/Programs/MiKTeX/tex/generic/babel/luababel.def
\bbl@attr@locale=\attribute4
)
*************************************
* Local config file bblopts.cfg used
*
(C:/Users/adm/AppData/Local/Programs/MiKTeX/tex/latex/arabi/bblopts.cfg
File: bblopts.cfg 2005/09/08 v0.1 add Arabic and Farsi to "declared" options of
 babel
)
(C:/Users/adm/AppData/Local/Programs/MiKTeX/tex/latex/babel-portuges/brazilian.
ldf
Language: portuges 2021/07/09 v1.2t Portuguese support from the babel system
Package babel Info: Hyphen rules for 'brazilian' set to \l@portuguese
(babel)             (\language57). Reported on input line 111.
Package babel Info: Making " an active character on input line 143.

(C:/Users/adm/AppData/Local/Programs/MiKTeX/tex/generic/hyph-utf8/loadhyph/load
hyph-pt.tex UTF-8 Portuguese hyphenation patterns
(C:/Users/adm/AppData/Local/Programs/MiKTeX/tex/generic/hyph-utf8/patterns/tex/
hyph-pt.tex))))
(C:/Users/adm/AppData/Local/Programs/MiKTeX/tex/generic/babel/locale/pt/babel-b
razilian.tex
Package babel Info: Importing font and identification data for brazilian
(babel)             from babel-pt-BR.ini. Reported on input line 11.
)
(C:/Users/adm/AppData/Local/Programs/MiKTeX/tex/generic/babel/locale/pt/babel-b
razilian.tex
Package babel Info: Importing basic data for brazilian
(babel)             from babel-pt-BR.ini. Reported on input line 11.
)
Inserting `Babel.hyphenate' in `hyphenate'.
\bbl@ATR@hyphen.repeat@brazilian@=\attribute5

(C:/Users/adm/AppData/Local/Programs/MiKTeX/tex/latex/biblatex/biblatex.sty
Package: biblatex 2023/03/05 v3.19 programmable bibliographies (PK/MW)

(C:/Users/adm/AppData/Local/Programs/MiKTeX/tex/generic/pdftexcmds/pdftexcmds.s
ty
Package: pdftexcmds 2020-06-27 v0.33 Utility functions of pdfTeX for LuaTeX (HO
)

(C:/Users/adm/AppData/Local/Programs/MiKTeX/tex/generic/infwarerr/infwarerr.sty
Package: infwarerr 2019/12/03 v1.5 Providing info/warning/error messages (HO)
) (C:/Users/adm/AppData/Local/Programs/MiKTeX/tex/generic/iftex/iftex.sty
Package: iftex 2022/02/03 v1.0f TeX engine tests
)
(C:/Users/adm/AppData/Local/Programs/MiKTeX/tex/generic/ltxcmds/ltxcmds.sty
Package: ltxcmds 2023-12-04 v1.26 LaTeX kernel commands for general use (HO)
)
Package pdftexcmds Info: \pdf@primitive is available.
Package pdftexcmds Info: \pdf@ifprimitive is available.
Package pdftexcmds Info: \pdfdraftmode found.
\pdftexcmds@toks=\toks24
)
(C:/Users/adm/AppData/Local/Programs/MiKTeX/tex/latex/graphics/keyval.sty
Package: keyval 2022/05/29 v1.15 key=value parser (DPC)
\KV@toks@=\toks25
)
(C:/Users/adm/AppData/Local/Programs/MiKTeX/tex/latex/kvoptions/kvoptions.sty
Package: kvoptions 2022-06-15 v3.15 Key value format for package options (HO)

(C:/Users/adm/AppData/Local/Programs/MiKTeX/tex/latex/kvsetkeys/kvsetkeys.sty
Package: kvsetkeys 2022-10-05 v1.19 Key value parser (HO)
)) (C:/Users/adm/AppData/Local/Programs/MiKTeX/tex/latex/logreq/logreq.sty
Package: logreq 2010/08/04 v1.0 xml request logger
\lrq@indent=\count289

(C:/Users/adm/AppData/Local/Programs/MiKTeX/tex/latex/logreq/logreq.def
File: logreq.def 2010/08/04 v1.0 logreq spec v1.0
))
(C:/Users/adm/AppData/Local/Programs/MiKTeX/tex/latex/base/ifthen.sty
Package: ifthen 2022/04/13 v1.1d Standard LaTeX ifthen package (DPC)
)
(C:/Users/adm/AppData/Local/Programs/MiKTeX/tex/latex/url/url.sty
\Urlmuskip=\muskip19
Package: url 2013/09/16  ver 3.4  Verb mode for urls, etc.
)
\c@tabx@nest=\count290
\c@listtotal=\count291
\c@listcount=\count292
\c@liststart=\count293
\c@liststop=\count294
\c@citecount=\count295
\c@citetotal=\count296
\c@multicitecount=\count297
\c@multicitetotal=\count298
\c@instcount=\count299
\c@maxnames=\count300
\c@minnames=\count301
\c@maxitems=\count302
\c@minitems=\count303
\c@citecounter=\count304
\c@maxcitecounter=\count305
\c@savedcitecounter=\count306
\c@uniquelist=\count307
\c@uniquename=\count308
\c@refsection=\count309
\c@refsegment=\count310
\c@maxextratitle=\count311
\c@maxextratitleyear=\count312
\c@maxextraname=\count313
\c@maxextradate=\count314
\c@maxextraalpha=\count315
\c@abbrvpenalty=\count316
\c@highnamepenalty=\count317
\c@lownamepenalty=\count318
\c@maxparens=\count319
\c@parenlevel=\count320
\blx@tempcnta=\count321
\blx@tempcntb=\count322
\blx@tempcntc=\count323
\c@blx@maxsection=\count324
\blx@maxsegment@0=\count325
\blx@notetype=\count326
\blx@parenlevel@text=\count327
\blx@parenlevel@foot=\count328
\blx@sectionciteorder@0=\count329
\blx@sectionciteorderinternal@0=\count330
\blx@entrysetcounter=\count331
\blx@biblioinstance=\count332
\labelnumberwidth=\skip53
\labelalphawidth=\skip54
\biblabelsep=\skip55
\bibitemsep=\skip56
\bibnamesep=\skip57
\bibinitsep=\skip58
\bibparsep=\skip59
\bibhang=\skip60
\blx@bcfin=\read3
\blx@bcfout=\write3
\blx@langwohyphens=\language80
\c@mincomprange=\count333
\c@maxcomprange=\count334
\c@mincompwidth=\count335
Package biblatex Info: Trying to load biblatex default data model...
Package biblatex Info: ... file 'blx-dm.def' found.

(C:/Users/adm/AppData/Local/Programs/MiKTeX/tex/latex/biblatex/blx-dm.def
File: blx-dm.def 2023/03/05 v3.19 biblatex localization (PK/MW)
)
Package biblatex Info: Trying to load biblatex style data model...
Package biblatex Info: ... file 'abnt.dbx' not found.
Package biblatex Info: Trying to load biblatex custom data model...
Package biblatex Info: ... file 'biblatex-dm.cfg' not found.
\c@afterword=\count336
\c@savedafterword=\count337
\c@annotator=\count338
\c@savedannotator=\count339
\c@author=\count340
\c@savedauthor=\count341
\c@bookauthor=\count342
\c@savedbookauthor=\count343
\c@commentator=\count344
\c@savedcommentator=\count345
\c@editor=\count346
\c@savededitor=\count347
\c@editora=\count348
\c@savededitora=\count349
\c@editorb=\count350
\c@savededitorb=\count351
\c@editorc=\count352
\c@savededitorc=\count353
\c@foreword=\count354
\c@savedforeword=\count355
\c@holder=\count356
\c@savedholder=\count357
\c@introduction=\count358
\c@savedintroduction=\count359
\c@namea=\count360
\c@savednamea=\count361
\c@nameb=\count362
\c@savednameb=\count363
\c@namec=\count364
\c@savednamec=\count365
\c@translator=\count366
\c@savedtranslator=\count367
\c@shortauthor=\count368
\c@savedshortauthor=\count369
\c@shorteditor=\count370
\c@savedshorteditor=\count371
\c@labelname=\count372
\c@savedlabelname=\count373
\c@institution=\count374
\c@savedinstitution=\count375
\c@lista=\count376
\c@savedlista=\count377
\c@listb=\count378
\c@savedlistb=\count379
\c@listc=\count380
\c@savedlistc=\count381
\c@listd=\count382
\c@savedlistd=\count383
\c@liste=\count384
\c@savedliste=\count385
\c@listf=\count386
\c@savedlistf=\count387
\c@location=\count388
\c@savedlocation=\count389
\c@organization=\count390
\c@savedorganization=\count391
\c@origlocation=\count392
\c@savedoriglocation=\count393
\c@origpublisher=\count394
\c@savedorigpublisher=\count395
\c@publisher=\count396
\c@savedpublisher=\count397
\c@language=\count398
\c@savedlanguage=\count399
\c@origlanguage=\count400
\c@savedoriglanguage=\count401
\c@pageref=\count402
\c@savedpageref=\count403
\shorthandwidth=\skip61
\shortjournalwidth=\skip62
\shortserieswidth=\skip63
\shorttitlewidth=\skip64
\shortauthorwidth=\skip65
\shorteditorwidth=\skip66
\locallabelnumberwidth=\skip67
\locallabelalphawidth=\skip68
\localshorthandwidth=\skip69
\localshortjournalwidth=\skip70
\localshortserieswidth=\skip71
\localshorttitlewidth=\skip72
\localshortauthorwidth=\skip73
\localshorteditorwidth=\skip74
Package biblatex Info: Trying to load enhanced support for Unicode engines...
Package biblatex Info: ... file 'blx-unicode.def' found.

(C:/Users/adm/AppData/Local/Programs/MiKTeX/tex/latex/biblatex/blx-unicode.def)
Package biblatex Info: Trying to load compatibility code...
Package biblatex Info: ... file 'blx-compat.def' found.
(C:/Users/adm/AppData/Local/Programs/MiKTeX/tex/latex/biblatex/blx-compat.def
File: blx-compat.def 2023/03/05 v3.19 biblatex compatibility (PK/MW)
)
Package biblatex Info: Trying to load generic definitions...
Package biblatex Info: ... file 'biblatex.def' found.

(C:/Users/adm/AppData/Local/Programs/MiKTeX/tex/latex/biblatex/biblatex.def
File: biblatex.def 2023/03/05 v3.19 biblatex compatibility (PK/MW)
\c@textcitecount=\count404
\c@textcitetotal=\count405
\c@textcitemaxnames=\count406
\c@biburlbigbreakpenalty=\count407
\c@biburlbreakpenalty=\count408
\c@biburlnumpenalty=\count409
\c@biburlucpenalty=\count410
\c@biburllcpenalty=\count411
\biburlbigskip=\muskip20
\biburlnumskip=\muskip21
\biburlucskip=\muskip22
\biburllcskip=\muskip23
\c@smartand=\count412
)
Package biblatex Info: Trying to load bibliography style 'abnt'...
Package biblatex Info: ... file 'abnt.bbx' found.

(C:/Users/adm/AppData/Local/Programs/MiKTeX/tex/latex/biblatex-abnt/bbx/abnt.bb
x
File: abnt.bbx 2018-11-17 v3.4 ABNT BibLaTeX citation style
 (C:/Users/adm/AppData/Local/Programs/MiKTeX/tex/latex/xpatch/xpatch.sty
Package: xpatch 2020/03/25 v0.3a Extending etoolbox patching commands
)
Package biblatex Info: Trying to load bibliography style 'standard'...
Package biblatex Info: ... file 'standard.bbx' found.

(C:/Users/adm/AppData/Local/Programs/MiKTeX/tex/latex/biblatex/bbx/standard.bbx
File: standard.bbx 2023/03/05 v3.19 biblatex bibliography style (PK/MW)
\c@bbx:relatedcount=\count413
\c@bbx:relatedtotal=\count414
))
Package biblatex Info: Trying to load citation style 'abnt'...
Package biblatex Info: ... file 'abnt.cbx' found.

(C:/Users/adm/AppData/Local/Programs/MiKTeX/tex/latex/biblatex-abnt/cbx/abnt.cb
x
File: abnt.cbx 2018-11-17 v3.4 ABNT BibLaTeX citation style
Package biblatex Info: Trying to load citation style 'authoryear-comp'...
Package biblatex Info: ... file 'authoryear-comp.cbx' found.

(C:/Users/adm/AppData/Local/Programs/MiKTeX/tex/latex/biblatex/cbx/authoryear-c
omp.cbx
File: authoryear-comp.cbx 2023/03/05 v3.19 biblatex citation style (PK/MW)
Package biblatex Info: Redefining '\cite'.
Package biblatex Info: Redefining '\parencite'.
Package biblatex Info: Redefining '\footcite'.
Package biblatex Info: Redefining '\footcitetext'.
Package biblatex Info: Redefining '\smartcite'.
Package biblatex Info: Redefining '\textcite'.
Package biblatex Info: Redefining '\textcites'.
Package biblatex Info: Redefining '\cites'.
Package biblatex Info: Redefining '\parencites'.
Package biblatex Info: Redefining '\footcites'.
Package biblatex Info: Redefining '\footcitetexts'.
Package biblatex Info: Redefining '\smartcites'.
)
Package biblatex Info: Redefining '\cite'.
Package biblatex Info: Redefining '\cites'.
Package biblatex Info: Redefining '\footcite'.
Package biblatex Info: Redefining '\footcites'.
Package biblatex Info: Redefining '\citetitle'.
Package biblatex Info: Redefining '\smartcite'.
Package biblatex Info: Redefining '\citeauthor'.
Package biblatex Info: Redefining '\citeyear'.
)
Package biblatex Info: Trying to load configuration file...
Package biblatex Info: ... file 'biblatex.cfg' found.

(C:/Users/adm/AppData/Local/Programs/MiKTeX/tex/latex/biblatex/biblatex.cfg
File: biblatex.cfg 
)
Package biblatex Info: LuaTeX detected.
(biblatex)             Assuming input encoding 'utf8'.
Package biblatex Info: Document encoding is UTF8 ....
Package biblatex Info: ... and expl3
(biblatex)             2024-03-14 L3 programming layer (loader) 
(biblatex)             is new enough (at least 2020/04/06),
(biblatex)             setting 'casechanger=expl3'.

(C:/Users/adm/AppData/Local/Programs/MiKTeX/tex/latex/biblatex/blx-case-expl3.s
ty
Package: blx-case-expl3 2023/03/05 v3.19 expl3 case changing code for biblatex
))
(C:/Users/adm/AppData/Local/Programs/MiKTeX/tex/latex/hyperref/hyperref.sty
Package: hyperref 2024-01-20 v7.01h Hypertext links for LaTeX

(C:/Users/adm/AppData/Local/Programs/MiKTeX/tex/generic/kvdefinekeys/kvdefineke
ys.sty
Package: kvdefinekeys 2019-12-19 v1.6 Define keys (HO)
)
(C:/Users/adm/AppData/Local/Programs/MiKTeX/tex/generic/pdfescape/pdfescape.sty
Package: pdfescape 2019/12/09 v1.15 Implements pdfTeX's escape features (HO)
) (C:/Users/adm/AppData/Local/Programs/MiKTeX/tex/latex/hycolor/hycolor.sty
Package: hycolor 2020-01-27 v1.10 Color options for hyperref/bookmark (HO)
)
(C:/Users/adm/AppData/Local/Programs/MiKTeX/tex/latex/auxhook/auxhook.sty
Package: auxhook 2019-12-17 v1.6 Hooks for auxiliary files (HO)
)
(C:/Users/adm/AppData/Local/Programs/MiKTeX/tex/latex/hyperref/nameref.sty
Package: nameref 2023-11-26 v2.56 Cross-referencing by name of section

(C:/Users/adm/AppData/Local/Programs/MiKTeX/tex/latex/refcount/refcount.sty
Package: refcount 2019/12/15 v3.6 Data extraction from label references (HO)
)
(C:/Users/adm/AppData/Local/Programs/MiKTeX/tex/generic/gettitlestring/gettitle
string.sty
Package: gettitlestring 2019/12/15 v1.6 Cleanup title references (HO)
)
\c@section@level=\count415
)
\@linkdim=\dimen162
\Hy@linkcounter=\count416
\Hy@pagecounter=\count417

(C:/Users/adm/AppData/Local/Programs/MiKTeX/tex/latex/hyperref/pd1enc.def
File: pd1enc.def 2024-01-20 v7.01h Hyperref: PDFDocEncoding definition (HO)
)
(C:/Users/adm/AppData/Local/Programs/MiKTeX/tex/generic/intcalc/intcalc.sty
Package: intcalc 2019/12/15 v1.3 Expandable calculations with integers (HO)
)
\Hy@SavedSpaceFactor=\count418

(C:/Users/adm/AppData/Local/Programs/MiKTeX/tex/latex/hyperref/puenc.def
File: puenc.def 2024-01-20 v7.01h Hyperref: PDF Unicode definition (HO)
)
Package hyperref Info: Option `breaklinks' set `true' on input line 4062.
Package hyperref Info: Option `pdfdisplaydoctitle' set `true' on input line 406
2.
Package hyperref Info: Option `pdfpagelabels' set `true' on input line 4062.
Package hyperref Info: Hyper figures OFF on input line 4179.
Package hyperref Info: Link nesting OFF on input line 4184.
Package hyperref Info: Hyper index ON on input line 4187.
Package hyperref Info: Plain pages OFF on input line 4194.
Package hyperref Info: Backreferencing OFF on input line 4199.
Package hyperref Info: Implicit mode ON; LaTeX internals redefined.
Package hyperref Info: Bookmarks ON on input line 4446.
\c@Hy@tempcnt=\count419
LaTeX Info: Redefining \url on input line 4784.
\XeTeXLinkMargin=\dimen163

(C:/Users/adm/AppData/Local/Programs/MiKTeX/tex/generic/bitset/bitset.sty
Package: bitset 2019/12/09 v1.3 Handle bit-vector datatype (HO)

(C:/Users/adm/AppData/Local/Programs/MiKTeX/tex/generic/bigintcalc/bigintcalc.s
ty
Package: bigintcalc 2019/12/15 v1.5 Expandable calculations on big integers (HO
)
))
\Fld@menulength=\count420
\Field@Width=\dimen164
\Fld@charsize=\dimen165
Package hyperref Info: Hyper figures OFF on input line 6063.
Package hyperref Info: Link nesting OFF on input line 6068.
Package hyperref Info: Hyper index ON on input line 6071.
Package hyperref Info: backreferencing OFF on input line 6078.
Package hyperref Info: Link coloring OFF on input line 6083.
Package hyperref Info: Link coloring with OCG OFF on input line 6088.
Package hyperref Info: PDF/A mode OFF on input line 6093.

(C:/Users/adm/AppData/Local/Programs/MiKTeX/tex/latex/base/atbegshi-ltx.sty
Package: atbegshi-ltx 2021/01/10 v1.0c Emulation of the original atbegshi
package with kernel methods
)
\Hy@abspage=\count421
\c@Item=\count422
\c@Hfootnote=\count423
)
Package hyperref Info: Driver (autodetected): hluatex.

(C:/Users/adm/AppData/Local/Programs/MiKTeX/tex/latex/hyperref/hluatex.def
File: hluatex.def 2024-01-20 v7.01h Hyperref driver for luaTeX

(C:/Users/adm/AppData/Local/Programs/MiKTeX/tex/generic/stringenc/stringenc.sty
Package: stringenc 2019/11/29 v1.12 Convert strings between diff. encodings (HO
)
) (C:/Users/adm/AppData/Local/Programs/MiKTeX/tex/latex/base/atveryend-ltx.sty
Package: atveryend-ltx 2020/08/19 v1.0a Emulation of the original atveryend pac
kage
with kernel methods
)
Package hyperref Info: 񑙱.񑙲:=1.7 on input line 240.
\Fld@listcount=\count424
\c@bookmark@seq@number=\count425

(C:/Users/adm/AppData/Local/Programs/MiKTeX/tex/latex/rerunfilecheck/rerunfilec
heck.sty
Package: rerunfilecheck 2022-07-10 v1.10 Rerun checks for auxiliary files (HO)

(C:/Users/adm/AppData/Local/Programs/MiKTeX/tex/generic/uniquecounter/uniquecou
nter.sty
Package: uniquecounter 2019/12/15 v1.4 Provide unlimited unique counter (HO)
)
Package uniquecounter Info: New unique counter `rerunfilecheck' on input line 2
85.
)
\Hy@SectionHShift=\skip75
)
\c@ut@keywords@size=\count426
\c@ut@pdfkeywords@size=\count427
\c@ut@floattype=\count428
\c@ut@ilustracao@total=\count429
\c@ut@ilustracao=\count430
\c@ut@ilustracaoelement=\count431
\c@ut@quadro@total=\count432
\c@ut@quadro=\count433
\c@ut@quadroelement=\count434
\c@ut@tabela@total=\count435
\c@ut@tabela=\count436
\c@ut@tabelaelement=\count437
\ut@termwidth=\dimen166
\c@ut@acronimo=\count438
\c@ut@acronimo@total=\count439
\ut@acronimo@width=\dimen167
\c@ut@acronimocommands@size=\count440
\c@ut@abreviatura=\count441
\ut@abreviatura@width=\dimen168
\c@ut@sigla=\count442
\ut@sigla@width=\dimen169
\c@ut@simbolo=\count443
\ut@simbolo@width=\dimen170
\c@ut@capitulo=\count444
\c@ut@secao=\count445
\c@ut@subsecao=\count446
\c@ut@subsubsecao=\count447
\c@ut@subsubsubsecao=\count448
\ut@prevdepth=\skip76
\ut@floattextskip=\dimen171
\c@ut@marcadoresdepth=\count449
\c@ut@alineasdepth=\count450
\c@ut@autoref@size=\count451
\c@ut@apendice=\count452
\c@ut@anexo=\count453
)
\@i=\count454
\@i=\count455
 (./preamble.tex
(C:/Users/adm/AppData/Local/Programs/MiKTeX/tex/latex/adjustbox/adjustbox.sty
Package: adjustbox 2022/10/17 v1.3a Adjusting TeX boxes (trim, clip, ...)

(C:/Users/adm/AppData/Local/Programs/MiKTeX/tex/latex/xkeyval/xkeyval.sty
Package: xkeyval 2022/06/16 v2.9 package option processing (HA)

(C:/Users/adm/AppData/Local/Programs/MiKTeX/tex/generic/xkeyval/xkeyval.tex
(C:/Users/adm/AppData/Local/Programs/MiKTeX/tex/generic/xkeyval/xkvutils.tex
\XKV@toks=\toks26
\XKV@tempa@toks=\toks27
)
\XKV@depth=\count456
File: xkeyval.tex 2014/12/03 v2.7a key=value parser (HA)
)) (C:/Users/adm/AppData/Local/Programs/MiKTeX/tex/latex/adjustbox/adjcalc.sty
Package: adjcalc 2012/05/16 v1.1 Provides advanced setlength with multiple back
-ends (calc, etex, pgfmath)
)
(C:/Users/adm/AppData/Local/Programs/MiKTeX/tex/latex/adjustbox/trimclip.sty
Package: trimclip 2020/08/19 v1.2 Trim and clip general TeX material

(C:/Users/adm/AppData/Local/Programs/MiKTeX/tex/latex/graphics/graphicx.sty
Package: graphicx 2021/09/16 v1.2d Enhanced LaTeX Graphics (DPC,SPQR)

(C:/Users/adm/AppData/Local/Programs/MiKTeX/tex/latex/graphics/graphics.sty
Package: graphics 2022/03/10 v1.4e Standard LaTeX Graphics (DPC,SPQR)

(C:/Users/adm/AppData/Local/Programs/MiKTeX/tex/latex/graphics/trig.sty
Package: trig 2021/08/11 v1.11 sin cos tan (DPC)
)
(C:/Users/adm/AppData/Local/Programs/MiKTeX/tex/latex/graphics-cfg/graphics.cfg
File: graphics.cfg 2016/06/04 v1.11 sample graphics configuration
)
Package graphics Info: Driver file: luatex.def on input line 107.
)
\Gin@req@height=\dimen172
\Gin@req@width=\dimen173
)
(C:/Users/adm/AppData/Local/Programs/MiKTeX/tex/latex/collectbox/collectbox.sty
Package: collectbox 2022/10/17 v0.4c Collect macro arguments as boxes
\collectedbox=\box55
)
\tc@llx=\dimen174
\tc@lly=\dimen175
\tc@urx=\dimen176
\tc@ury=\dimen177
 (C:/Users/adm/AppData/Local/Programs/MiKTeX/tex/latex/adjustbox/tc-pgf.def
File: tc-pgf.def 2019/01/04 v2.2 trimclip fall-back clipping driver using PGF

(C:/Users/adm/AppData/Local/Programs/MiKTeX/tex/latex/pgf/basiclayer/pgf.sty
(C:/Users/adm/AppData/Local/Programs/MiKTeX/tex/latex/pgf/utilities/pgfrcs.sty
(C:/Users/adm/AppData/Local/Programs/MiKTeX/tex/generic/pgf/utilities/pgfutil-c
ommon.tex
\pgfutil@everybye=\toks28
\pgfutil@tempdima=\dimen178
\pgfutil@tempdimb=\dimen179
)
(C:/Users/adm/AppData/Local/Programs/MiKTeX/tex/generic/pgf/utilities/pgfutil-l
atex.def
\pgfutil@abb=\box56
)
(C:/Users/adm/AppData/Local/Programs/MiKTeX/tex/generic/pgf/utilities/pgfrcs.co
de.tex
(C:/Users/adm/AppData/Local/Programs/MiKTeX/tex/generic/pgf/pgf.revision.tex)
Package: pgfrcs 2023-01-15 v3.1.10 (3.1.10)
))
Package: pgf 2023-01-15 v3.1.10 (3.1.10)

(C:/Users/adm/AppData/Local/Programs/MiKTeX/tex/latex/pgf/basiclayer/pgfcore.st
y
(C:/Users/adm/AppData/Local/Programs/MiKTeX/tex/latex/pgf/systemlayer/pgfsys.st
y
(C:/Users/adm/AppData/Local/Programs/MiKTeX/tex/generic/pgf/systemlayer/pgfsys.
code.tex
Package: pgfsys 2023-01-15 v3.1.10 (3.1.10)

(C:/Users/adm/AppData/Local/Programs/MiKTeX/tex/generic/pgf/utilities/pgfkeys.c
ode.tex
\pgfkeys@pathtoks=\toks29
\pgfkeys@temptoks=\toks30

(C:/Users/adm/AppData/Local/Programs/MiKTeX/tex/generic/pgf/utilities/pgfkeysli
braryfiltered.code.tex
\pgfkeys@tmptoks=\toks31
))
\pgf@x=\dimen180
\pgf@y=\dimen181
\pgf@xa=\dimen182
\pgf@ya=\dimen183
\pgf@xb=\dimen184
\pgf@yb=\dimen185
\pgf@xc=\dimen186
\pgf@yc=\dimen187
\pgf@xd=\dimen188
\pgf@yd=\dimen189
\w@pgf@writea=\write4
\r@pgf@reada=\read4
\c@pgf@counta=\count457
\c@pgf@countb=\count458
\c@pgf@countc=\count459
\c@pgf@countd=\count460
\t@pgf@toka=\toks32
\t@pgf@tokb=\toks33
\t@pgf@tokc=\toks34
\pgf@sys@id@count=\count461

(C:/Users/adm/AppData/Local/Programs/MiKTeX/tex/generic/pgf/systemlayer/pgf.cfg
File: pgf.cfg 2023-01-15 v3.1.10 (3.1.10)
)
Driver file for pgf: pgfsys-luatex.def

(C:/Users/adm/AppData/Local/Programs/MiKTeX/tex/generic/pgf/systemlayer/pgfsys-
luatex.def
File: pgfsys-luatex.def 2023-01-15 v3.1.10 (3.1.10)

(C:/Users/adm/AppData/Local/Programs/MiKTeX/tex/generic/pgf/systemlayer/pgfsys-
common-pdf.def
File: pgfsys-common-pdf.def 2023-01-15 v3.1.10 (3.1.10)
)))
(C:/Users/adm/AppData/Local/Programs/MiKTeX/tex/generic/pgf/systemlayer/pgfsyss
oftpath.code.tex
File: pgfsyssoftpath.code.tex 2023-01-15 v3.1.10 (3.1.10)
\pgfsyssoftpath@smallbuffer@items=\count462
\pgfsyssoftpath@bigbuffer@items=\count463
)
(C:/Users/adm/AppData/Local/Programs/MiKTeX/tex/generic/pgf/systemlayer/pgfsysp
rotocol.code.tex
File: pgfsysprotocol.code.tex 2023-01-15 v3.1.10 (3.1.10)
))
(C:/Users/adm/AppData/Local/Programs/MiKTeX/tex/generic/pgf/basiclayer/pgfcore.
code.tex
Package: pgfcore 2023-01-15 v3.1.10 (3.1.10)

(C:/Users/adm/AppData/Local/Programs/MiKTeX/tex/generic/pgf/math/pgfmath.code.t
ex
(C:/Users/adm/AppData/Local/Programs/MiKTeX/tex/generic/pgf/math/pgfmathutil.co
de.tex)
(C:/Users/adm/AppData/Local/Programs/MiKTeX/tex/generic/pgf/math/pgfmathparser.
code.tex
\pgfmath@dimen=\dimen190
\pgfmath@count=\count464
\pgfmath@box=\box57
\pgfmath@toks=\toks35
\pgfmath@stack@operand=\toks36
\pgfmath@stack@operation=\toks37
)
(C:/Users/adm/AppData/Local/Programs/MiKTeX/tex/generic/pgf/math/pgfmathfunctio
ns.code.tex)
(C:/Users/adm/AppData/Local/Programs/MiKTeX/tex/generic/pgf/math/pgfmathfunctio
ns.basic.code.tex)
(C:/Users/adm/AppData/Local/Programs/MiKTeX/tex/generic/pgf/math/pgfmathfunctio
ns.trigonometric.code.tex)
(C:/Users/adm/AppData/Local/Programs/MiKTeX/tex/generic/pgf/math/pgfmathfunctio
ns.random.code.tex)
(C:/Users/adm/AppData/Local/Programs/MiKTeX/tex/generic/pgf/math/pgfmathfunctio
ns.comparison.code.tex)
(C:/Users/adm/AppData/Local/Programs/MiKTeX/tex/generic/pgf/math/pgfmathfunctio
ns.base.code.tex)
(C:/Users/adm/AppData/Local/Programs/MiKTeX/tex/generic/pgf/math/pgfmathfunctio
ns.round.code.tex)
(C:/Users/adm/AppData/Local/Programs/MiKTeX/tex/generic/pgf/math/pgfmathfunctio
ns.misc.code.tex)
(C:/Users/adm/AppData/Local/Programs/MiKTeX/tex/generic/pgf/math/pgfmathfunctio
ns.integerarithmetics.code.tex)
(C:/Users/adm/AppData/Local/Programs/MiKTeX/tex/generic/pgf/math/pgfmathcalc.co
de.tex)
(C:/Users/adm/AppData/Local/Programs/MiKTeX/tex/generic/pgf/math/pgfmathfloat.c
ode.tex
\c@pgfmathroundto@lastzeros=\count465
))
(C:/Users/adm/AppData/Local/Programs/MiKTeX/tex/generic/pgf/math/pgfint.code.te
x)
(C:/Users/adm/AppData/Local/Programs/MiKTeX/tex/generic/pgf/basiclayer/pgfcorep
oints.code.tex
File: pgfcorepoints.code.tex 2023-01-15 v3.1.10 (3.1.10)
\pgf@picminx=\dimen191
\pgf@picmaxx=\dimen192
\pgf@picminy=\dimen193
\pgf@picmaxy=\dimen194
\pgf@pathminx=\dimen195
\pgf@pathmaxx=\dimen196
\pgf@pathminy=\dimen197
\pgf@pathmaxy=\dimen198
\pgf@xx=\dimen199
\pgf@xy=\dimen256
\pgf@yx=\dimen257
\pgf@yy=\dimen258
\pgf@zx=\dimen259
\pgf@zy=\dimen260
)
(C:/Users/adm/AppData/Local/Programs/MiKTeX/tex/generic/pgf/basiclayer/pgfcorep
athconstruct.code.tex
File: pgfcorepathconstruct.code.tex 2023-01-15 v3.1.10 (3.1.10)
\pgf@path@lastx=\dimen261
\pgf@path@lasty=\dimen262
)
(C:/Users/adm/AppData/Local/Programs/MiKTeX/tex/generic/pgf/basiclayer/pgfcorep
athusage.code.tex
File: pgfcorepathusage.code.tex 2023-01-15 v3.1.10 (3.1.10)
\pgf@shorten@end@additional=\dimen263
\pgf@shorten@start@additional=\dimen264
)
(C:/Users/adm/AppData/Local/Programs/MiKTeX/tex/generic/pgf/basiclayer/pgfcores
copes.code.tex
File: pgfcorescopes.code.tex 2023-01-15 v3.1.10 (3.1.10)
\pgfpic=\box58
\pgf@hbox=\box59
\pgf@layerbox@main=\box60
\pgf@picture@serial@count=\count466
)
(C:/Users/adm/AppData/Local/Programs/MiKTeX/tex/generic/pgf/basiclayer/pgfcoreg
raphicstate.code.tex
File: pgfcoregraphicstate.code.tex 2023-01-15 v3.1.10 (3.1.10)
\pgflinewidth=\dimen265
)
(C:/Users/adm/AppData/Local/Programs/MiKTeX/tex/generic/pgf/basiclayer/pgfcoret
ransformations.code.tex
File: pgfcoretransformations.code.tex 2023-01-15 v3.1.10 (3.1.10)
\pgf@pt@x=\dimen266
\pgf@pt@y=\dimen267
\pgf@pt@temp=\dimen268
)
(C:/Users/adm/AppData/Local/Programs/MiKTeX/tex/generic/pgf/basiclayer/pgfcoreq
uick.code.tex
File: pgfcorequick.code.tex 2023-01-15 v3.1.10 (3.1.10)
)
(C:/Users/adm/AppData/Local/Programs/MiKTeX/tex/generic/pgf/basiclayer/pgfcoreo
bjects.code.tex
File: pgfcoreobjects.code.tex 2023-01-15 v3.1.10 (3.1.10)
)
(C:/Users/adm/AppData/Local/Programs/MiKTeX/tex/generic/pgf/basiclayer/pgfcorep
athprocessing.code.tex
File: pgfcorepathprocessing.code.tex 2023-01-15 v3.1.10 (3.1.10)
)
(C:/Users/adm/AppData/Local/Programs/MiKTeX/tex/generic/pgf/basiclayer/pgfcorea
rrows.code.tex
File: pgfcorearrows.code.tex 2023-01-15 v3.1.10 (3.1.10)
\pgfarrowsep=\dimen269
)
(C:/Users/adm/AppData/Local/Programs/MiKTeX/tex/generic/pgf/basiclayer/pgfcores
hade.code.tex
File: pgfcoreshade.code.tex 2023-01-15 v3.1.10 (3.1.10)
\pgf@max=\dimen270
\pgf@sys@shading@range@num=\count467
\pgf@shadingcount=\count468
)
(C:/Users/adm/AppData/Local/Programs/MiKTeX/tex/generic/pgf/basiclayer/pgfcorei
mage.code.tex
File: pgfcoreimage.code.tex 2023-01-15 v3.1.10 (3.1.10)
)
(C:/Users/adm/AppData/Local/Programs/MiKTeX/tex/generic/pgf/basiclayer/pgfcoree
xternal.code.tex
File: pgfcoreexternal.code.tex 2023-01-15 v3.1.10 (3.1.10)
\pgfexternal@startupbox=\box61
)
(C:/Users/adm/AppData/Local/Programs/MiKTeX/tex/generic/pgf/basiclayer/pgfcorel
ayers.code.tex
File: pgfcorelayers.code.tex 2023-01-15 v3.1.10 (3.1.10)
)
(C:/Users/adm/AppData/Local/Programs/MiKTeX/tex/generic/pgf/basiclayer/pgfcoret
ransparency.code.tex
File: pgfcoretransparency.code.tex 2023-01-15 v3.1.10 (3.1.10)
)
(C:/Users/adm/AppData/Local/Programs/MiKTeX/tex/generic/pgf/basiclayer/pgfcorep
atterns.code.tex
File: pgfcorepatterns.code.tex 2023-01-15 v3.1.10 (3.1.10)
)
(C:/Users/adm/AppData/Local/Programs/MiKTeX/tex/generic/pgf/basiclayer/pgfcorer
df.code.tex
File: pgfcorerdf.code.tex 2023-01-15 v3.1.10 (3.1.10)
)))
(C:/Users/adm/AppData/Local/Programs/MiKTeX/tex/generic/pgf/modules/pgfmodulesh
apes.code.tex
File: pgfmoduleshapes.code.tex 2023-01-15 v3.1.10 (3.1.10)
\pgfnodeparttextbox=\box62
)
(C:/Users/adm/AppData/Local/Programs/MiKTeX/tex/generic/pgf/modules/pgfmodulepl
ot.code.tex
File: pgfmoduleplot.code.tex 2023-01-15 v3.1.10 (3.1.10)
)
(C:/Users/adm/AppData/Local/Programs/MiKTeX/tex/latex/pgf/compatibility/pgfcomp
-version-0-65.sty
Package: pgfcomp-version-0-65 2023-01-15 v3.1.10 (3.1.10)
\pgf@nodesepstart=\dimen271
\pgf@nodesepend=\dimen272
)
(C:/Users/adm/AppData/Local/Programs/MiKTeX/tex/latex/pgf/compatibility/pgfcomp
-version-1-18.sty
Package: pgfcomp-version-1-18 2023-01-15 v3.1.10 (3.1.10)
)))
Package trimclip Info: No clipping driver 'tc-luatex.def' available.
(trimclip)             Using fall-back PGF driver.
)
\adjbox@Width=\dimen273
\adjbox@Height=\dimen274
\adjbox@Depth=\dimen275
\adjbox@Totalheight=\dimen276
\adjbox@pwidth=\dimen277
\adjbox@pheight=\dimen278
\adjbox@pdepth=\dimen279
\adjbox@ptotalheight=\dimen280

(C:/Users/adm/AppData/Local/Programs/MiKTeX/tex/latex/ifoddpage/ifoddpage.sty
Package: ifoddpage 2022/10/18 v1.2 Conditionals for odd/even page detection
\c@checkoddpage=\count469
)
(C:/Users/adm/AppData/Local/Programs/MiKTeX/tex/latex/varwidth/varwidth.sty
Package: varwidth 2009/03/30 ver 0.92;  Variable-width minipages
\@vwid@box=\box63
\sift@deathcycles=\count470
\@vwid@loff=\dimen281
\@vwid@roff=\dimen282
))
(C:/Users/adm/AppData/Local/Programs/MiKTeX/tex/latex/booktabs/booktabs.sty
Package: booktabs 2020/01/12 v1.61803398 Publication quality tables
\heavyrulewidth=\dimen283
\lightrulewidth=\dimen284
\cmidrulewidth=\dimen285
\belowrulesep=\dimen286
\belowbottomsep=\dimen287
\aboverulesep=\dimen288
\abovetopsep=\dimen289
\cmidrulesep=\dimen290
\cmidrulekern=\dimen291
\defaultaddspace=\dimen292
\@cmidla=\count471
\@cmidlb=\count472
\@aboverulesep=\dimen293
\@belowrulesep=\dimen294
\@thisruleclass=\count473
\@lastruleclass=\count474
\@thisrulewidth=\dimen295
)
(C:/Users/adm/AppData/Local/Programs/MiKTeX/tex/latex/multirow/multirow.sty
Package: multirow 2021/03/15 v2.8 Span multiple rows of a table
\multirow@colwidth=\skip77
\multirow@cntb=\count475
\multirow@dima=\skip78
\bigstrutjot=\dimen296
)
(C:/Users/adm/AppData/Local/Programs/MiKTeX/tex/latex/colortbl/colortbl.sty
Package: colortbl 2024/02/20 v1.0g Color table columns (DPC)

(C:/Users/adm/AppData/Local/Programs/MiKTeX/tex/latex/tools/array.sty
Package: array 2023/10/16 v2.5g Tabular extension package (FMi)
\col@sep=\dimen297
\ar@mcellbox=\box64
\extrarowheight=\dimen298
\NC@list=\toks38
\extratabsurround=\skip79
\backup@length=\skip80
\ar@cellbox=\box65
)
\everycr=\toks39
\minrowclearance=\skip81
\rownum=\count476
)
(./resources/floats/tipos-ilustracoes.tex
\c@ut@desenho=\count477
\c@ut@desenhoelement=\count478
\c@ut@esquema=\count479
\c@ut@esquemaelement=\count480
\c@ut@figura=\count481
\c@ut@figuraelement=\count482
\c@ut@fluxograma=\count483
\c@ut@fluxogramaelement=\count484
\c@ut@fotografia=\count485
\c@ut@fotografiaelement=\count486
\c@ut@grafico=\count487
\c@ut@graficoelement=\count488
\c@ut@mapa=\count489
\c@ut@mapaelement=\count490
\c@ut@planta=\count491
\c@ut@plantaelement=\count492
)
\c@ut@retrato=\count493
\c@ut@retratoelement=\count494
 (./resources/terms/acronimos.tex))
(C:/Users/adm/AppData/Local/Programs/MiKTeX/tex/latex/csquotes/csquotes.sty
Package: csquotes 2022-09-14 v5.2n context-sensitive quotations (JAW)
\csq@reset=\count495
\csq@gtype=\count496
\csq@glevel=\count497
\csq@qlevel=\count498
\csq@maxlvl=\count499
\csq@tshold=\count500
\csq@ltx@everypar=\toks40
Package csquotes Info: The 'quote' environment appears to be undefined.
(csquotes)             I'm defining a typical 'quote' environment now.

(C:/Users/adm/AppData/Local/Programs/MiKTeX/tex/latex/csquotes/csquotes.def
File: csquotes.def 2022-09-14 v5.2n csquotes generic definitions (JAW)
)
Package csquotes Info: Trying to load configuration file 'csquotes.cfg'...
Package csquotes Info: ... configuration file loaded successfully.

(C:/Users/adm/AppData/Local/Programs/MiKTeX/tex/latex/csquotes/csquotes.cfg
File: csquotes.cfg 
))
("c:/Users/adm/OneDrive/Área de Trabalho/TCC/05 - Modelo Overleaf/auxiliary/tc
c-engcomp.aux"

LaTeX Warning: Label `ilu:elementos-textuais' multiply defined.

)
\openout1 = tcc-engcomp.aux

LaTeX Font Info:    Checking defaults for OML/cmm/m/it on input line 15.
LaTeX Font Info:    ... okay on input line 15.
LaTeX Font Info:    Checking defaults for OMS/cmsy/m/n on input line 15.
LaTeX Font Info:    ... okay on input line 15.
LaTeX Font Info:    Checking defaults for OT1/cmr/m/n on input line 15.
LaTeX Font Info:    ... okay on input line 15.
LaTeX Font Info:    Checking defaults for T1/cmr/m/n on input line 15.
LaTeX Font Info:    ... okay on input line 15.
LaTeX Font Info:    Checking defaults for TS1/cmr/m/n on input line 15.
LaTeX Font Info:    ... okay on input line 15.
LaTeX Font Info:    Checking defaults for TU/lmr/m/n on input line 15.
LaTeX Font Info:    ... okay on input line 15.
LaTeX Font Info:    Checking defaults for OMX/cmex/m/n on input line 15.
LaTeX Font Info:    ... okay on input line 15.
LaTeX Font Info:    Checking defaults for U/cmr/m/n on input line 15.
LaTeX Font Info:    ... okay on input line 15.
LaTeX Font Info:    Checking defaults for PD1/pdf/m/n on input line 15.
LaTeX Font Info:    ... okay on input line 15.
LaTeX Font Info:    Checking defaults for PU/pdf/m/n on input line 15.
LaTeX Font Info:    ... okay on input line 15.

(C:/Users/adm/AppData/Local/Programs/MiKTeX/tex/context/base/mkii/supp-pdf.mkii
\scratchcounter=\count501
\scratchdimen=\dimen299
\scratchbox=\box66
\nofMPsegments=\count502
\nofMParguments=\count503
\everyMPshowfont=\toks41
\MPscratchCnt=\count504
\MPscratchDim=\dimen300
\MPnumerator=\count505
\makeMPintoPDFobject=\count506
\everyMPtoPDFconversion=\toks42
)
(C:/Users/adm/AppData/Local/Programs/MiKTeX/tex/latex/epstopdf-pkg/epstopdf-bas
e.sty
Package: epstopdf-base 2020-01-24 v2.11 Base part for package epstopdf
Package epstopdf-base Info: Redefining graphics rule for `.eps' on input line 4
85.

(C:/Users/adm/AppData/Local/Programs/MiKTeX/tex/latex/00miktex/epstopdf-sys.cfg
File: epstopdf-sys.cfg 2021/03/18 v2.0 Configuration of epstopdf for MiKTeX
))
Package biblatex Info: Trying to load language 'brazilian' -> 'brazilian-abnt'.
..
Package biblatex Info: ... file 'brazilian-abnt.lbx' found.

(C:/Users/adm/AppData/Local/Programs/MiKTeX/tex/latex/biblatex-abnt/lbx/brazili
an-abnt.lbx
File: brazilian-abnt.lbx 2018-11-17 v3.4 ABNT BibLaTeX citation style
Package biblatex Info: Trying to load language 'brazilian'...
Package biblatex Info: ... file 'brazilian.lbx' found.

(C:/Users/adm/AppData/Local/Programs/MiKTeX/tex/latex/biblatex/lbx/brazilian.lb
x
File: brazilian.lbx 2023/03/05 v3.19 biblatex localization (PK/MW)
)
Package biblatex Info: Trying to load language 'brazilian'...
Package biblatex Info: ... file 'brazilian.lbx' found.

(C:/Users/adm/AppData/Local/Programs/MiKTeX/tex/latex/biblatex/lbx/brazilian.lb
x
File: brazilian.lbx 2023/03/05 v3.19 biblatex localization (PK/MW)
)
Package biblatex Info: Trying to load language 'brazil' -> 'brazilian'...
Package biblatex Info: ... file 'brazilian.lbx' found.

(C:/Users/adm/AppData/Local/Programs/MiKTeX/tex/latex/biblatex/lbx/brazilian.lb
x
File: brazilian.lbx 2023/03/05 v3.19 biblatex localization (PK/MW)
))
Package biblatex Info: LuaTeX detected.
(biblatex)             Assuming input encoding 'utf8'.
Package biblatex Info: Automatic encoding selection.
(biblatex)             Assuming data encoding 'utf8'.

\openout3 = tcc-engcomp.bcf
Package biblatex Info: Trying to load bibliographic data...
Package biblatex Info: ... file 'tcc-engcomp.bbl' found.

("c:/Users/adm/OneDrive/Área de Trabalho/TCC/05 - Modelo Overleaf/auxiliary/tc
c-engcomp.bbl")
Package biblatex Info: Reference section=0 on input line 15.
Package biblatex Info: Reference segment=0 on input line 15.
Package hyperref Info: Link coloring OFF on input line 15.

("c:/Users/adm/OneDrive/Área de Trabalho/TCC/05 - Modelo Overleaf/auxiliary/tc
c-engcomp.out")
("c:/Users/adm/OneDrive/Área de Trabalho/TCC/05 - Modelo Overleaf/auxiliary/tc
c-engcomp.out")
\@outlinefile=\write5

\openout5 = tcc-engcomp.out


[0{C:/Users/adm/AppData/Local/MiKTeX/fonts/map/pdftex/pdftex.map}]
("c:/Users/adm/OneDrive/Área de Trabalho/TCC/05 - Modelo Overleaf/auxiliary/tc
c-engcomp.coautor.toc")
\tf@coautor.toc=\write6

\openout6 = tcc-engcomp.coautor.toc
\@i=\count507

("c:/Users/adm/OneDrive/Área de Trabalho/TCC/05 - Modelo Overleaf/auxiliary/tc
c-engcomp.ilustracao.lst.toc"

[1

]
("c:/Users/adm/OneDrive/Área de Trabalho/TCC/05 - Modelo Overleaf/auxiliary/tc
c-engcomp.ilustracao.toc")
\tf@ilustracao.toc=\write7

\openout7 = tcc-engcomp.ilustracao.toc


[2


])
\tf@ilustracao.lst.toc=\write8

\openout8 = tcc-engcomp.ilustracao.lst.toc

("c:/Users/adm/OneDrive/Área de Trabalho/TCC/05 - Modelo Overleaf/auxiliary/tc
c-engcomp.quadro.lst.toc")
\tf@quadro.lst.toc=\write9

\openout9 = tcc-engcomp.quadro.lst.toc

("c:/Users/adm/OneDrive/Área de Trabalho/TCC/05 - Modelo Overleaf/auxiliary/tc
c-engcomp.tabela.lst.toc"
("c:/Users/adm/OneDrive/Área de Trabalho/TCC/05 - Modelo Overleaf/auxiliary/tc
c-engcomp.tabela.toc")
\tf@tabela.toc=\write10

\openout10 = tcc-engcomp.tabela.toc


[3


])
\tf@tabela.lst.toc=\write11

\openout11 = tcc-engcomp.tabela.lst.toc

("c:/Users/adm/OneDrive/Área de Trabalho/TCC/05 - Modelo Overleaf/auxiliary/tc
c-engcomp.acronimo.lst.toc"
("c:/Users/adm/OneDrive/Área de Trabalho/TCC/05 - Modelo Overleaf/auxiliary/tc
c-engcomp.abreviatura.toc")
\tf@abreviatura.toc=\write12

\openout12 = tcc-engcomp.abreviatura.toc


[4


])
\tf@acronimo.lst.toc=\write13

\openout13 = tcc-engcomp.acronimo.lst.toc

("c:/Users/adm/OneDrive/Área de Trabalho/TCC/05 - Modelo Overleaf/auxiliary/tc
c-engcomp.sumario.toc"

[5


])
\tf@sumario.toc=\write14

\openout14 = tcc-engcomp.sumario.toc


[6] (./content/introducao.tex
\ut@seccntwidth=\dimen301
\ut@width=\dimen302
\ut@seccntwidth=\dimen303


[7



]
\ut@width=\dimen304
\ut@seccntwidth=\dimen305
\ut@seccntwidth=\dimen306


[8]
\ut@seccntwidth=\dimen307
\ut@seccntwidth=\dimen308
)

[9] (./content/revisao-literatura.tex
\ut@seccntwidth=\dimen309
\ut@seccntwidth=\dimen310
Package hyperref Info: bookmark level for unknown ut@ilustracao defaults to 0 o
n input line 21.
<resources/floats/ilustracoes/Inteligencia-artificial-trend.png, id=346, 873.26
25pt x 332.442pt>
File: resources/floats/ilustracoes/Inteligencia-artificial-trend.png Graphic fi
le (type png)
<use resources/floats/ilustracoes/Inteligencia-artificial-trend.png>
Package luatex.def Info: resources/floats/ilustracoes/Inteligencia-artificial-t
rend.png  used on input line 23.
(luatex.def)             Requested size: 455.24411pt x 173.30707pt.


[10


<./resources/floats/ilustracoes/Inteligencia-artificial-trend.png>]
\ut@seccntwidth=\dimen311
<resources/floats/ilustracoes/exemplo_tweet.png, id=365, 455.90324pt x 444.4605
pt>
File: resources/floats/ilustracoes/exemplo_tweet.png Graphic file (type png)
<use resources/floats/ilustracoes/exemplo_tweet.png>
Package luatex.def Info: resources/floats/ilustracoes/exemplo_tweet.png  used o
n input line 64.
(luatex.def)             Requested size: 455.24411pt x 443.84225pt.


[11]
\ut@seccntwidth=\dimen312
\ut@width=\dimen313


[12<./resources/floats/ilustracoes/exemplo_tweet.png>]
<resources/floats/ilustracoes/exemplo_modelagem_topicos.png, id=388, 507.0945pt
 x 284.262pt>
File: resources/floats/ilustracoes/exemplo_modelagem_topicos.png Graphic file (
type png)
<use resources/floats/ilustracoes/exemplo_modelagem_topicos.png>
Package luatex.def Info: resources/floats/ilustracoes/exemplo_modelagem_topicos
.png  used on input line 91.
(luatex.def)             Requested size: 455.24411pt x 255.20882pt.
\ut@seccntwidth=\dimen314


[13<./resources/floats/ilustracoes/exemplo_modelagem_topicos.png>]
<resources/floats/ilustracoes/documentos_textuais.png, id=405, 450.483pt x 313.
17pt>
File: resources/floats/ilustracoes/documentos_textuais.png Graphic file (type p
ng)
<use resources/floats/ilustracoes/documentos_textuais.png>
Package luatex.def Info: resources/floats/ilustracoes/documentos_textuais.png  
used on input line 115.
(luatex.def)             Requested size: 273.14923pt x 189.89133pt.
\ut@width=\dimen315
\ut@seccntwidth=\dimen316


[14<./resources/floats/ilustracoes/documentos_textuais.png>]
<resources/floats/ilustracoes/exemplo_topicos.png, id=429, 265.59225pt x 222.83
25pt>
File: resources/floats/ilustracoes/exemplo_topicos.png Graphic file (type png)
<use resources/floats/ilustracoes/exemplo_topicos.png>
Package luatex.def Info: resources/floats/ilustracoes/exemplo_topicos.png  used
 on input line 141.
(luatex.def)             Requested size: 318.66948pt x 267.39085pt.
\ut@seccntwidth=\dimen317


[15<./resources/floats/ilustracoes/exemplo_topicos.png>]
<resources/floats/ilustracoes/ilustracao_LDA.png, id=441, 109.6095pt x 113.8252
6pt>
File: resources/floats/ilustracoes/ilustracao_LDA.png Graphic file (type png)
<use resources/floats/ilustracoes/ilustracao_LDA.png>
Package luatex.def Info: resources/floats/ilustracoes/ilustracao_LDA.png  used 
on input line 180.
(luatex.def)             Requested size: 136.57462pt x 141.847pt.
<resources/floats/ilustracoes/ilustracao_BTM.png, id=445, 118.64325pt x 103.587
pt>
File: resources/floats/ilustracoes/ilustracao_BTM.png Graphic file (type png)
<use resources/floats/ilustracoes/ilustracao_BTM.png>
Package luatex.def Info: resources/floats/ilustracoes/ilustracao_BTM.png  used 
on input line 195.
(luatex.def)             Requested size: 136.57462pt x 119.24425pt.


[16<./resources/floats/ilustracoes/ilustracao_LDA.png>]
\ut@seccntwidth=\dimen318
<resources/floats/ilustracoes/ator_x_scrapper.png, id=460, 740.7675pt x 251.138
24pt>
File: resources/floats/ilustracoes/ator_x_scrapper.png Graphic file (type png)
<use resources/floats/ilustracoes/ator_x_scrapper.png>
Package luatex.def Info: resources/floats/ilustracoes/ator_x_scrapper.png  used
 on input line 223.
(luatex.def)             Requested size: 455.24411pt x 154.33989pt.


[17<./resources/floats/ilustracoes/ilustracao_BTM.png>]
<resources/floats/ilustracoes/parametros_extracao.png, id=472, 434.22224pt x 38
0.01974pt>
File: resources/floats/ilustracoes/parametros_extracao.png Graphic file (type p
ng)
<use resources/floats/ilustracoes/parametros_extracao.png>
Package luatex.def Info: resources/floats/ilustracoes/parametros_extracao.png  
used on input line 236.
(luatex.def)             Requested size: 318.66948pt x 278.89075pt.


[18<./resources/floats/ilustracoes/ator_x_scrapper.png><./resources/floats/ilust
racoes/parametros_extracao.png>]
\ut@seccntwidth=\dimen319
<resources/floats/ilustracoes/nuvem_palavras_politica.png, id=490, 277.035pt x 
78.89474pt>
File: resources/floats/ilustracoes/nuvem_palavras_politica.png Graphic file (ty
pe png)
<use resources/floats/ilustracoes/nuvem_palavras_politica.png>
Package luatex.def Info: resources/floats/ilustracoes/nuvem_palavras_politica.p
ng  used on input line 255.
(luatex.def)             Requested size: 409.71692pt x 116.6805pt.
Package hyperref Info: bookmark level for unknown ut@tabela defaults to 0 on in
put line 263.


[19<./resources/floats/ilustracoes/nuvem_palavras_politica.png>]

[20]

[21])

[22] (./content/procedimentos-metodologicos-tecnicos.tex
\ut@seccntwidth=\dimen320
\ut@seccntwidth=\dimen321
\ut@seccntwidth=\dimen322


[23


]
\ut@seccntwidth=\dimen323
\ut@seccntwidth=\dimen324


[24]
\ut@seccntwidth=\dimen325
<resources/floats/ilustracoes/big-picture.png, id=557, 605.26125pt x 429.55481p
t>
File: resources/floats/ilustracoes/big-picture.png Graphic file (type png)
<use resources/floats/ilustracoes/big-picture.png>
Package luatex.def Info: resources/floats/ilustracoes/big-picture.png  used on 
input line 90.
(luatex.def)             Requested size: 432.48051pt x 306.93272pt.


[25<./resources/floats/ilustracoes/big-picture.png>]
\ut@seccntwidth=\dimen326
\ut@seccntwidth=\dimen327


[26]

[27]
\ut@seccntwidth=\dimen328
\ut@width=\dimen329
<resources/floats/ilustracoes/CRISP-DM.png, id=585, 831.105pt x 467.7475pt>
File: resources/floats/ilustracoes/CRISP-DM.png Graphic file (type png)
<use resources/floats/ilustracoes/CRISP-DM.png>
Package luatex.def Info: resources/floats/ilustracoes/CRISP-DM.png  used on inp
ut line 218.
(luatex.def)             Requested size: 432.48051pt x 243.40138pt.


[28]
\ut@seccntwidth=\dimen330
\ut@seccntwidth=\dimen331


[29<./resources/floats/ilustracoes/CRISP-DM.png>]
\ut@seccntwidth=\dimen332
\ut@seccntwidth=\dimen333
\ut@seccntwidth=\dimen334


[30]
\ut@seccntwidth=\dimen335
)

[31] (./content/apresentacao-solucao.tex
\ut@seccntwidth=\dimen336
<resources/floats/ilustracoes/GoogleTrends.png, id=641, 913.011pt x 352.9185pt>

File: resources/floats/ilustracoes/GoogleTrends.png Graphic file (type png)
<use resources/floats/ilustracoes/GoogleTrends.png>
Package luatex.def Info: resources/floats/ilustracoes/GoogleTrends.png  used on
 input line 52.
(luatex.def)             Requested size: 455.24411pt x 175.96877pt.


[32


]
<resources/floats/ilustracoes/console-apify.png, id=648, 485.4135pt x 400.49625
pt>
File: resources/floats/ilustracoes/console-apify.png Graphic file (type png)
<use resources/floats/ilustracoes/console-apify.png>
Package luatex.def Info: resources/floats/ilustracoes/console-apify.png  used o
n input line 62.
(luatex.def)             Requested size: 318.66948pt x 262.92279pt.


[33<./resources/floats/ilustracoes/GoogleTrends.png><./resources/floats/ilustrac
oes/console-apify.png>]
<resources/floats/ilustracoes/elementos_textuais.png, id=657, 449.88075pt x 160
.80075pt>
File: resources/floats/ilustracoes/elementos_textuais.png Graphic file (type pn
g)
<use resources/floats/ilustracoes/elementos_textuais.png>
Package luatex.def Info: resources/floats/ilustracoes/elementos_textuais.png  u
sed on input line 75.
(luatex.def)             Requested size: 341.43307pt x 122.03807pt.
<resources/floats/ilustracoes/DiagramaCSV.png, id=658, 191.71625pt x 382.42876p
t>
File: resources/floats/ilustracoes/DiagramaCSV.png Graphic file (type png)
<use resources/floats/ilustracoes/DiagramaCSV.png>
Package luatex.def Info: resources/floats/ilustracoes/DiagramaCSV.png  used on 
input line 84.
(luatex.def)             Requested size: 113.81102pt x 227.0315pt.


[34<./resources/floats/ilustracoes/elementos_textuais.png><./resources/floats/il
ustracoes/DiagramaCSV.png>]
<resources/floats/ilustracoes/comparacao-tweet.png, id=666, 372.79276pt x 159.5
9625pt>
File: resources/floats/ilustracoes/comparacao-tweet.png Graphic file (type png)

<use resources/floats/ilustracoes/comparacao-tweet.png>
Package luatex.def Info: resources/floats/ilustracoes/comparacao-tweet.png  use
d on input line 100.
(luatex.def)             Requested size: 409.71692pt x 175.40784pt.
)

[35<./resources/floats/ilustracoes/comparacao-tweet.png>]
(./content/cronograma.tex
\ut@seccntwidth=\dimen337


[36


])

[37] (./content/orcamento.tex
\ut@seccntwidth=\dimen338
)

[38


]
LaTeX Font Info:    Font shape `TU/CourierNew(0)/m/n' will be
(Font)              scaled to size 12.69287pt on input line 22.


[39

]
("c:/Users/adm/OneDrive/Área de Trabalho/TCC/05 - Modelo Overleaf/auxiliary/tc
c-engcomp.apendice.toc")
\tf@apendice.toc=\write15

\openout15 = tcc-engcomp.apendice.toc

("c:/Users/adm/OneDrive/Área de Trabalho/TCC/05 - Modelo Overleaf/auxiliary/tc
c-engcomp.anexo.toc")
\tf@anexo.toc=\write16

\openout16 = tcc-engcomp.anexo.toc


[40]
("c:/Users/adm/OneDrive/Área de Trabalho/TCC/05 - Modelo Overleaf/auxiliary/tc
c-engcomp.aux")
 ***********
LaTeX2e <2024-06-01>
L3 programming layer <2020/03/25>
 ***********


LaTeX Warning: There were undefined references.


LaTeX Warning: There were multiply-defined labels.

Package rerunfilecheck Info: File `tcc-engcomp.out' has not changed.
(rerunfilecheck)             Checksum: AF119FEE2DE32EE8D09AF9B4D5465083;7302.

Package biblatex Warning: Please (re)run Biber on the file:
(biblatex)                tcc-engcomp
(biblatex)                and rerun LaTeX afterwards.

Package logreq Info: Writing requests to 'tcc-engcomp.run.xml'.

\openout1 = tcc-engcomp.run.xml
)

Here is how much of LuaTeX's memory you used:
 38025 strings out of 475949
 125078,1977958 words of node,token memory allocated
 2871 words of node memory still in use:
   7 hlist, 2 vlist, 2 rule, 70 disc, 5 glue, 4 kern, 141 glyph, 212 attribute, 
60 glue_spec, 73 attribute_list, 2 write, 3 pdf_action nodes
   avail lists: 1:1,2:3778,3:763,4:228,5:502,6:121,7:7567,8:105,9:1971,10:59,11:
747
 59561 multiletter control sequences out of 65536+600000
 98 fonts using 52927479 bytes
 110i,18n,140p,1241b,2463s stack positions out of 10000i,1000n,20000p,200000b,200000s
<C:/Windows/Fonts/cour.ttf><C:/Users/adm/AppData/Local/Programs/MiKTeX/fonts/ope
ntype/public/stix2-otf/stixtwomath-regular.otf><C:/Users/adm/AppData/Local/Progr
ams/MiKTeX/fonts/opentype/public/stix2-otf/stixtwomath-regular.otf><C:/Windows/F
onts/timesi.ttf><C:/Windows/Fonts/times.ttf><C:/Windows/Fonts/timesbd.ttf>
Output written on tcc-engcomp.pdf (41 pages, 1744220 bytes).

PDF statistics: 755 PDF objects out of 1000 (max. 8388607)
 140 named destinations out of 1000 (max. 131072)
 344 words of extra memory for PDF output out of 10000 (max. 100000000)

